[ 2017-01-07T08:25:43+08:00 ] 127.0.0.1 /
INFO: [ app_init ] --START--
INFO: Run Behavior\BuildLiteBehavior [ RunTime:0.000000s ]
INFO: [ app_init ] --END-- [ RunTime:0.000000s ]
INFO: [ app_begin ] --START--
INFO: Run Behavior\ReadHtmlCacheBehavior [ RunTime:0.000000s ]
INFO: [ app_begin ] --END-- [ RunTime:0.015600s ]
INFO: [ view_parse ] --START--
INFO: Run Behavior\ParseTemplateBehavior [ RunTime:0.000000s ]
INFO: [ view_parse ] --END-- [ RunTime:0.031200s ]
INFO: [ view_filter ] --START--
INFO: Run Behavior\WriteHtmlCacheBehavior [ RunTime:0.000000s ]
INFO: [ view_filter ] --END-- [ RunTime:0.015600s ]
INFO: [ app_end ] --START--
INFO: Run Behavior\ShowPageTraceBehavior [ RunTime:0.015600s ]
INFO: [ app_end ] --END-- [ RunTime:0.015600s ]

[ 2017-01-07T08:28:49+08:00 ] 127.0.0.1 /
INFO: [ app_init ] --START--
INFO: Run Behavior\BuildLiteBehavior [ RunTime:0.001000s ]
INFO: [ app_init ] --END-- [ RunTime:0.010000s ]
INFO: [ app_begin ] --START--
INFO: Run Behavior\ReadHtmlCacheBehavior [ RunTime:0.005000s ]
INFO: [ app_begin ] --END-- [ RunTime:0.012000s ]
INFO: [ view_parse ] --START--
INFO: [ template_filter ] --START--
INFO: Run Behavior\ContentReplaceBehavior [ RunTime:0.005000s ]
INFO: [ template_filter ] --END-- [ RunTime:0.013000s ]
INFO: Run Behavior\ParseTemplateBehavior [ RunTime:0.106000s ]
INFO: [ view_parse ] --END-- [ RunTime:0.113000s ]
INFO: [ view_filter ] --START--
INFO: Run Behavior\WriteHtmlCacheBehavior [ RunTime:0.004000s ]
INFO: [ view_filter ] --END-- [ RunTime:0.012000s ]
INFO: [ app_end ] --START--
INFO: Run Behavior\ShowPageTraceBehavior [ RunTime:0.005000s ]
INFO: [ app_end ] --END-- [ RunTime:0.012000s ]

[ 2017-01-07T16:32:37+08:00 ] 127.0.0.1 /
INFO: [ app_init ] --START--
INFO: Run Behavior\BuildLiteBehavior [ RunTime:0.002000s ]
INFO: [ app_init ] --END-- [ RunTime:0.012000s ]
INFO: [ app_begin ] --START--
INFO: Run Behavior\ReadHtmlCacheBehavior [ RunTime:0.005500s ]
INFO: [ app_begin ] --END-- [ RunTime:0.013000s ]
INFO: [ view_parse ] --START--
INFO: [ template_filter ] --START--
INFO: Run Behavior\ContentReplaceBehavior [ RunTime:0.004500s ]
INFO: [ template_filter ] --END-- [ RunTime:0.013500s ]
INFO: Run Behavior\ParseTemplateBehavior [ RunTime:0.094500s ]
INFO: [ view_parse ] --END-- [ RunTime:0.102500s ]
INFO: [ view_filter ] --START--
INFO: Run Behavior\WriteHtmlCacheBehavior [ RunTime:0.005000s ]
INFO: [ view_filter ] --END-- [ RunTime:0.013500s ]
INFO: [ app_end ] --START--
INFO: Run Behavior\ShowPageTraceBehavior [ RunTime:0.004500s ]
INFO: [ app_end ] --END-- [ RunTime:0.013000s ]

[ 2017-01-07T16:58:36+08:00 ] 127.0.0.1 /
INFO: [ app_init ] --START--
INFO: Run Behavior\BuildLiteBehavior [ RunTime:0.001000s ]
INFO: [ app_init ] --END-- [ RunTime:0.011000s ]
INFO: [ app_begin ] --START--
INFO: Run Behavior\ReadHtmlCacheBehavior [ RunTime:0.005000s ]
INFO: [ app_begin ] --END-- [ RunTime:0.012000s ]
ERR: 模板不存在:D:/php/www/aeball_blog/Admin/View/Index/show_article.html.html

[ 2017-01-07T16:59:07+08:00 ] 127.0.0.1 /
INFO: [ app_init ] --START--
INFO: Run Behavior\BuildLiteBehavior [ RunTime:0.001000s ]
INFO: [ app_init ] --END-- [ RunTime:0.010000s ]
INFO: [ app_begin ] --START--
INFO: Run Behavior\ReadHtmlCacheBehavior [ RunTime:0.005000s ]
INFO: [ app_begin ] --END-- [ RunTime:0.013000s ]
INFO: [ view_parse ] --START--
INFO: [ template_filter ] --START--
INFO: Run Behavior\ContentReplaceBehavior [ RunTime:0.003000s ]
INFO: [ template_filter ] --END-- [ RunTime:0.011000s ]
INFO: Run Behavior\ParseTemplateBehavior [ RunTime:0.089000s ]
INFO: [ view_parse ] --END-- [ RunTime:0.097000s ]
INFO: [ view_filter ] --START--
INFO: Run Behavior\WriteHtmlCacheBehavior [ RunTime:0.004000s ]
INFO: [ view_filter ] --END-- [ RunTime:0.012000s ]
INFO: [ app_end ] --START--
INFO: Run Behavior\ShowPageTraceBehavior [ RunTime:0.004000s ]
INFO: [ app_end ] --END-- [ RunTime:0.012000s ]

[ 2017-01-07T17:11:07+08:00 ] 127.0.0.1 /
INFO: [ app_init ] --START--
INFO: Run Behavior\BuildLiteBehavior [ RunTime:0.001000s ]
INFO: [ app_init ] --END-- [ RunTime:0.010000s ]
INFO: [ app_begin ] --START--
INFO: Run Behavior\ReadHtmlCacheBehavior [ RunTime:0.004000s ]
INFO: [ app_begin ] --END-- [ RunTime:0.013000s ]
SQL: SHOW COLUMNS FROM `ae_articles` [ RunTime:0.0040s ]
SQL: SELECT * FROM `ae_articles`  [ RunTime:0.0020s ]
INFO: [ view_parse ] --START--
INFO: [ template_filter ] --START--
INFO: Run Behavior\ContentReplaceBehavior [ RunTime:0.004000s ]
INFO: [ template_filter ] --END-- [ RunTime:0.011000s ]
INFO: Run Behavior\ParseTemplateBehavior [ RunTime:0.090000s ]
INFO: [ view_parse ] --END-- [ RunTime:0.098000s ]
INFO: [ view_filter ] --START--
INFO: Run Behavior\WriteHtmlCacheBehavior [ RunTime:0.004000s ]
INFO: [ view_filter ] --END-- [ RunTime:0.012000s ]
INFO: [ app_end ] --START--
INFO: Run Behavior\ShowPageTraceBehavior [ RunTime:0.005000s ]
INFO: [ app_end ] --END-- [ RunTime:0.013000s ]

[ 2017-01-07T17:15:29+08:00 ] 127.0.0.1 /
INFO: [ app_init ] --START--
INFO: Run Behavior\BuildLiteBehavior [ RunTime:0.001000s ]
INFO: [ app_init ] --END-- [ RunTime:0.011000s ]
INFO: [ app_begin ] --START--
INFO: Run Behavior\ReadHtmlCacheBehavior [ RunTime:0.005000s ]
INFO: [ app_begin ] --END-- [ RunTime:0.012000s ]
SQL: SHOW COLUMNS FROM `ae_articles` [ RunTime:0.0030s ]
SQL: SELECT * FROM `ae_articles`  [ RunTime:0.0030s ]
INFO: [ view_parse ] --START--
INFO: [ template_filter ] --START--
INFO: Run Behavior\ContentReplaceBehavior [ RunTime:0.003000s ]
INFO: [ template_filter ] --END-- [ RunTime:0.012000s ]
NOTIC: [8] Array to string conversion D:\php\www\aeball_blog\Runtime\Cache\Admin\bde5a37287217b7d8ed63bece9cebe73.php 第 15 行.
INFO: Run Behavior\ParseTemplateBehavior [ RunTime:0.100000s ]
INFO: [ view_parse ] --END-- [ RunTime:0.108000s ]
INFO: [ view_filter ] --START--
INFO: Run Behavior\WriteHtmlCacheBehavior [ RunTime:0.005000s ]
INFO: [ view_filter ] --END-- [ RunTime:0.013000s ]
INFO: [ app_end ] --START--
INFO: Run Behavior\ShowPageTraceBehavior [ RunTime:0.004000s ]
INFO: [ app_end ] --END-- [ RunTime:0.013000s ]

[ 2017-01-07T17:16:36+08:00 ] 127.0.0.1 /
INFO: [ app_init ] --START--
INFO: Run Behavior\BuildLiteBehavior [ RunTime:0.002000s ]
INFO: [ app_init ] --END-- [ RunTime:0.011000s ]
INFO: [ app_begin ] --START--
INFO: Run Behavior\ReadHtmlCacheBehavior [ RunTime:0.006000s ]
INFO: [ app_begin ] --END-- [ RunTime:0.013000s ]
SQL: SHOW COLUMNS FROM `ae_articles` [ RunTime:0.0030s ]
SQL: SELECT * FROM `ae_articles`  [ RunTime:0.0010s ]
INFO: [ view_parse ] --START--
INFO: [ template_filter ] --START--
INFO: Run Behavior\ContentReplaceBehavior [ RunTime:0.005000s ]
INFO: [ template_filter ] --END-- [ RunTime:0.012000s ]
NOTIC: [8] Undefined variable: article D:\php\www\aeball_blog\Runtime\Cache\Admin\bde5a37287217b7d8ed63bece9cebe73.php 第 14 行.
INFO: Run Behavior\ParseTemplateBehavior [ RunTime:0.101000s ]
INFO: [ view_parse ] --END-- [ RunTime:0.110000s ]
INFO: [ view_filter ] --START--
INFO: Run Behavior\WriteHtmlCacheBehavior [ RunTime:0.004000s ]
INFO: [ view_filter ] --END-- [ RunTime:0.012000s ]
INFO: [ app_end ] --START--
INFO: Run Behavior\ShowPageTraceBehavior [ RunTime:0.005000s ]
INFO: [ app_end ] --END-- [ RunTime:0.013000s ]

[ 2017-01-07T17:18:06+08:00 ] 127.0.0.1 /
INFO: [ app_init ] --START--
INFO: Run Behavior\BuildLiteBehavior [ RunTime:0.001000s ]
INFO: [ app_init ] --END-- [ RunTime:0.010000s ]
INFO: [ app_begin ] --START--
INFO: Run Behavior\ReadHtmlCacheBehavior [ RunTime:0.004000s ]
INFO: [ app_begin ] --END-- [ RunTime:0.013000s ]
SQL: SHOW COLUMNS FROM `ae_articles` [ RunTime:0.0030s ]
SQL: SELECT * FROM `ae_articles`  [ RunTime:0.0010s ]
INFO: [ view_parse ] --START--
NOTIC: [2] filemtime(): stat failed for D:/php/www/aeball_blog/Runtime/Cache\89b785029a79ac166e6252c15f748ba47bc0b4ec.file.index.html.php D:\php\www\ThinkPHP\ThinkPHP\Library\Vendor\Smarty\sysplugins\smarty_resource.php 第 683 行.
ERR: Syntax Error in template "D:/php/www/aeball_blog/Admin/View\Index\index.html"  on line 25 "&lt;/html&gt;" unclosed {foreach} tag

[ 2017-01-07T17:19:00+08:00 ] 127.0.0.1 /
INFO: [ app_init ] --START--
INFO: Run Behavior\BuildLiteBehavior [ RunTime:0.001000s ]
INFO: [ app_init ] --END-- [ RunTime:0.009000s ]
INFO: [ app_begin ] --START--
INFO: Run Behavior\ReadHtmlCacheBehavior [ RunTime:0.004000s ]
INFO: [ app_begin ] --END-- [ RunTime:0.013000s ]
SQL: SHOW COLUMNS FROM `ae_articles` [ RunTime:0.0030s ]
SQL: SELECT * FROM `ae_articles`  [ RunTime:0.0010s ]
INFO: [ view_parse ] --START--
NOTIC: [2] filemtime(): stat failed for D:/php/www/aeball_blog/Runtime/Cache\89b785029a79ac166e6252c15f748ba47bc0b4ec.file.index.html.php D:\php\www\ThinkPHP\ThinkPHP\Library\Vendor\Smarty\sysplugins\smarty_resource.php 第 683 行.
NOTIC: [2] unlink(D:/php/www/aeball_blog/Runtime/Cache\89b785029a79ac166e6252c15f748ba47bc0b4ec.file.index.html.php): No such file or directory D:\php\www\ThinkPHP\ThinkPHP\Library\Vendor\Smarty\sysplugins\smarty_internal_write_file.php 第 49 行.
INFO: Run Behavior\ParseTemplateBehavior [ RunTime:0.534000s ]
INFO: [ view_parse ] --END-- [ RunTime:0.542000s ]
INFO: [ view_filter ] --START--
INFO: Run Behavior\WriteHtmlCacheBehavior [ RunTime:0.005000s ]
INFO: [ view_filter ] --END-- [ RunTime:0.013000s ]
INFO: [ app_end ] --START--
INFO: Run Behavior\ShowPageTraceBehavior [ RunTime:0.005000s ]
INFO: [ app_end ] --END-- [ RunTime:0.013000s ]

[ 2017-01-07T17:20:13+08:00 ] 127.0.0.1 /
INFO: [ app_init ] --START--
INFO: Run Behavior\BuildLiteBehavior [ RunTime:0.002000s ]
INFO: [ app_init ] --END-- [ RunTime:0.010000s ]
INFO: [ app_begin ] --START--
INFO: Run Behavior\ReadHtmlCacheBehavior [ RunTime:0.005000s ]
INFO: [ app_begin ] --END-- [ RunTime:0.014000s ]
SQL: SHOW COLUMNS FROM `ae_articles` [ RunTime:0.0030s ]
SQL: SELECT * FROM `ae_articles`  [ RunTime:0.0010s ]
INFO: [ view_parse ] --START--
ERR: Syntax Error in template "D:/php/www/aeball_blog/Admin/View\Index\index.html"  on line 23 "&lt;/html&gt;" unclosed {foreach} tag

[ 2017-01-07T17:21:48+08:00 ] 127.0.0.1 /
INFO: [ app_init ] --START--
INFO: Run Behavior\BuildLiteBehavior [ RunTime:0.001000s ]
INFO: [ app_init ] --END-- [ RunTime:0.009000s ]
INFO: [ app_begin ] --START--
INFO: Run Behavior\ReadHtmlCacheBehavior [ RunTime:0.004000s ]
INFO: [ app_begin ] --END-- [ RunTime:0.012000s ]
SQL: SHOW COLUMNS FROM `ae_articles` [ RunTime:0.0030s ]
SQL: SELECT * FROM `ae_articles`  [ RunTime:0.0020s ]
INFO: [ view_parse ] --START--
ERR: Syntax Error in template "D:/php/www/aeball_blog/Admin/View\Index\index.html"  on line 23 "&lt;/html&gt;" unclosed {foreach} tag

[ 2017-01-07T17:22:17+08:00 ] 127.0.0.1 /
INFO: [ app_init ] --START--
INFO: Run Behavior\BuildLiteBehavior [ RunTime:0.001000s ]
INFO: [ app_init ] --END-- [ RunTime:0.010000s ]
INFO: [ app_begin ] --START--
INFO: Run Behavior\ReadHtmlCacheBehavior [ RunTime:0.005000s ]
INFO: [ app_begin ] --END-- [ RunTime:0.013000s ]
SQL: SHOW COLUMNS FROM `ae_articles` [ RunTime:0.0030s ]
SQL: SELECT * FROM `ae_articles`  [ RunTime:0.0020s ]
INFO: [ view_parse ] --START--
ERR: Syntax Error in template "D:/php/www/aeball_blog/Admin/View\Index\index.html"  on line 23 "&lt;/html&gt;" unclosed {foreach} tag

[ 2017-01-07T17:22:46+08:00 ] 127.0.0.1 /
INFO: [ app_init ] --START--
INFO: Run Behavior\BuildLiteBehavior [ RunTime:0.001000s ]
INFO: [ app_init ] --END-- [ RunTime:0.010000s ]
INFO: [ app_begin ] --START--
INFO: Run Behavior\ReadHtmlCacheBehavior [ RunTime:0.005000s ]
INFO: [ app_begin ] --END-- [ RunTime:0.012000s ]
SQL: SHOW COLUMNS FROM `ae_articles` [ RunTime:0.0030s ]
SQL: SELECT * FROM `ae_articles`  [ RunTime:0.0020s ]
INFO: [ view_parse ] --START--
ERR: Syntax Error in template "D:/php/www/aeball_blog/Admin/View\Index\index.html"  on line 23 "&lt;/html&gt;" unclosed {foreach} tag

[ 2017-01-07T17:24:23+08:00 ] 127.0.0.1 /index.php?m=Admin&c=Index&a=show_article
INFO: [ app_init ] --START--
INFO: Run Behavior\BuildLiteBehavior [ RunTime:0.001000s ]
INFO: [ app_init ] --END-- [ RunTime:0.010000s ]
INFO: [ app_begin ] --START--
INFO: Run Behavior\ReadHtmlCacheBehavior [ RunTime:0.004000s ]
INFO: [ app_begin ] --END-- [ RunTime:0.012000s ]
ERR: 1146:Table 'aeball_blog.ae_index' doesn't exist
 [ SQL语句 ] : SHOW COLUMNS FROM `ae_index`
ERR: 1146:Table 'aeball_blog.ae_index' doesn't exist
 [ SQL语句 ] : SHOW COLUMNS FROM `ae_index`

[ 2017-01-07T17:29:26+08:00 ] 127.0.0.1 /index.php?m=Admin&c=User&a=login
INFO: [ app_init ] --START--
INFO: Run Behavior\BuildLiteBehavior [ RunTime:0.001000s ]
INFO: [ app_init ] --END-- [ RunTime:0.010000s ]
INFO: [ app_begin ] --START--
INFO: Run Behavior\ReadHtmlCacheBehavior [ RunTime:0.004000s ]
INFO: [ app_begin ] --END-- [ RunTime:0.012000s ]
INFO: [ view_parse ] --START--
NOTIC: [2] filemtime(): stat failed for D:/php/www/aeball_blog/Runtime/Cache\c26fcff6403e2878f4a2b7bdd59fdb49a8ed00c6.file.login.html.php D:\php\www\ThinkPHP\ThinkPHP\Library\Vendor\Smarty\sysplugins\smarty_resource.php 第 683 行.
NOTIC: [2] unlink(D:/php/www/aeball_blog/Runtime/Cache\c26fcff6403e2878f4a2b7bdd59fdb49a8ed00c6.file.login.html.php): No such file or directory D:\php\www\ThinkPHP\ThinkPHP\Library\Vendor\Smarty\sysplugins\smarty_internal_write_file.php 第 49 行.
NOTIC: [8] Undefined index: Think D:\php\www\aeball_blog\Runtime\Cache\c26fcff6403e2878f4a2b7bdd59fdb49a8ed00c6.file.login.html.php 第 34 行.
NOTIC: [8] Trying to get property of non-object D:\php\www\aeball_blog\Runtime\Cache\c26fcff6403e2878f4a2b7bdd59fdb49a8ed00c6.file.login.html.php 第 34 行.
NOTIC: [8] Undefined index: Think D:\php\www\aeball_blog\Runtime\Cache\c26fcff6403e2878f4a2b7bdd59fdb49a8ed00c6.file.login.html.php 第 36 行.
NOTIC: [8] Trying to get property of non-object D:\php\www\aeball_blog\Runtime\Cache\c26fcff6403e2878f4a2b7bdd59fdb49a8ed00c6.file.login.html.php 第 36 行.
NOTIC: [8] Undefined index: Think D:\php\www\aeball_blog\Runtime\Cache\c26fcff6403e2878f4a2b7bdd59fdb49a8ed00c6.file.login.html.php 第 38 行.
NOTIC: [8] Trying to get property of non-object D:\php\www\aeball_blog\Runtime\Cache\c26fcff6403e2878f4a2b7bdd59fdb49a8ed00c6.file.login.html.php 第 38 行.
NOTIC: [8] Undefined index: Think D:\php\www\aeball_blog\Runtime\Cache\c26fcff6403e2878f4a2b7bdd59fdb49a8ed00c6.file.login.html.php 第 40 行.
NOTIC: [8] Trying to get property of non-object D:\php\www\aeball_blog\Runtime\Cache\c26fcff6403e2878f4a2b7bdd59fdb49a8ed00c6.file.login.html.php 第 40 行.
INFO: Run Behavior\ParseTemplateBehavior [ RunTime:2.563000s ]
INFO: [ view_parse ] --END-- [ RunTime:2.570000s ]
INFO: [ view_filter ] --START--
INFO: Run Behavior\WriteHtmlCacheBehavior [ RunTime:0.004000s ]
INFO: [ view_filter ] --END-- [ RunTime:0.013000s ]
INFO: [ app_end ] --START--
INFO: Run Behavior\ShowPageTraceBehavior [ RunTime:0.005000s ]
INFO: [ app_end ] --END-- [ RunTime:0.014000s ]

[ 2017-01-07T17:29:59+08:00 ] 127.0.0.1 /index.php?m=Admin&c=User&a=login
INFO: [ app_init ] --START--
INFO: Run Behavior\BuildLiteBehavior [ RunTime:0.001000s ]
INFO: [ app_init ] --END-- [ RunTime:0.011000s ]
INFO: [ app_begin ] --START--
INFO: Run Behavior\ReadHtmlCacheBehavior [ RunTime:0.004000s ]
INFO: [ app_begin ] --END-- [ RunTime:0.012000s ]
INFO: [ view_parse ] --START--
INFO: [ template_filter ] --START--
INFO: Run Behavior\ContentReplaceBehavior [ RunTime:0.005000s ]
INFO: [ template_filter ] --END-- [ RunTime:0.012000s ]
INFO: Run Behavior\ParseTemplateBehavior [ RunTime:0.110000s ]
INFO: [ view_parse ] --END-- [ RunTime:0.117000s ]
INFO: [ view_filter ] --START--
INFO: Run Behavior\WriteHtmlCacheBehavior [ RunTime:0.004000s ]
INFO: [ view_filter ] --END-- [ RunTime:0.011000s ]
INFO: [ app_end ] --START--
INFO: Run Behavior\ShowPageTraceBehavior [ RunTime:0.004000s ]
INFO: [ app_end ] --END-- [ RunTime:0.012000s ]

[ 2017-01-07T17:30:48+08:00 ] 127.0.0.1 /index.php?m=Admin&c=User&a=login
INFO: [ app_init ] --START--
INFO: Run Behavior\BuildLiteBehavior [ RunTime:0.001000s ]
INFO: [ app_init ] --END-- [ RunTime:0.010000s ]
INFO: [ app_begin ] --START--
INFO: Run Behavior\ReadHtmlCacheBehavior [ RunTime:0.004000s ]
INFO: [ app_begin ] --END-- [ RunTime:0.012000s ]
INFO: [ view_parse ] --START--
INFO: Run Behavior\ParseTemplateBehavior [ RunTime:2.487000s ]
INFO: [ view_parse ] --END-- [ RunTime:2.494000s ]
INFO: [ view_filter ] --START--
INFO: Run Behavior\WriteHtmlCacheBehavior [ RunTime:0.004000s ]
INFO: [ view_filter ] --END-- [ RunTime:0.012000s ]
INFO: [ app_end ] --START--
INFO: Run Behavior\ShowPageTraceBehavior [ RunTime:0.005000s ]
INFO: [ app_end ] --END-- [ RunTime:0.012000s ]

[ 2017-01-07T17:31:50+08:00 ] 127.0.0.1 /
INFO: [ app_init ] --START--
INFO: Run Behavior\BuildLiteBehavior [ RunTime:0.001000s ]
INFO: [ app_init ] --END-- [ RunTime:0.010000s ]
INFO: [ app_begin ] --START--
INFO: Run Behavior\ReadHtmlCacheBehavior [ RunTime:0.004000s ]
INFO: [ app_begin ] --END-- [ RunTime:0.014000s ]
SQL: SHOW COLUMNS FROM `ae_articles` [ RunTime:0.0030s ]
SQL: SELECT * FROM `ae_articles`  [ RunTime:0.0020s ]
INFO: [ view_parse ] --START--
NOTIC: [8] Undefined index: art D:\php\www\aeball_blog\Runtime\Cache\89b785029a79ac166e6252c15f748ba47bc0b4ec.file.index.html.php 第 42 行.
NOTIC: [8] Trying to get property of non-object D:\php\www\aeball_blog\Runtime\Cache\89b785029a79ac166e6252c15f748ba47bc0b4ec.file.index.html.php 第 42 行.
NOTIC: [8] Undefined index: art D:\php\www\aeball_blog\Runtime\Cache\89b785029a79ac166e6252c15f748ba47bc0b4ec.file.index.html.php 第 42 行.
NOTIC: [8] Trying to get property of non-object D:\php\www\aeball_blog\Runtime\Cache\89b785029a79ac166e6252c15f748ba47bc0b4ec.file.index.html.php 第 42 行.
NOTIC: [8] Undefined index: art D:\php\www\aeball_blog\Runtime\Cache\89b785029a79ac166e6252c15f748ba47bc0b4ec.file.index.html.php 第 44 行.
NOTIC: [8] Trying to get property of non-object D:\php\www\aeball_blog\Runtime\Cache\89b785029a79ac166e6252c15f748ba47bc0b4ec.file.index.html.php 第 44 行.
NOTIC: [8] Undefined index: art D:\php\www\aeball_blog\Runtime\Cache\89b785029a79ac166e6252c15f748ba47bc0b4ec.file.index.html.php 第 44 行.
NOTIC: [8] Trying to get property of non-object D:\php\www\aeball_blog\Runtime\Cache\89b785029a79ac166e6252c15f748ba47bc0b4ec.file.index.html.php 第 44 行.
NOTIC: [8] Undefined index: art D:\php\www\aeball_blog\Runtime\Cache\89b785029a79ac166e6252c15f748ba47bc0b4ec.file.index.html.php 第 45 行.
NOTIC: [8] Trying to get property of non-object D:\php\www\aeball_blog\Runtime\Cache\89b785029a79ac166e6252c15f748ba47bc0b4ec.file.index.html.php 第 45 行.
NOTIC: [8] Undefined index: art D:\php\www\aeball_blog\Runtime\Cache\89b785029a79ac166e6252c15f748ba47bc0b4ec.file.index.html.php 第 48 行.
NOTIC: [8] Trying to get property of non-object D:\php\www\aeball_blog\Runtime\Cache\89b785029a79ac166e6252c15f748ba47bc0b4ec.file.index.html.php 第 48 行.
NOTIC: [8] Undefined index: art D:\php\www\aeball_blog\Runtime\Cache\89b785029a79ac166e6252c15f748ba47bc0b4ec.file.index.html.php 第 44 行.
NOTIC: [8] Trying to get property of non-object D:\php\www\aeball_blog\Runtime\Cache\89b785029a79ac166e6252c15f748ba47bc0b4ec.file.index.html.php 第 44 行.
NOTIC: [8] Undefined index: art D:\php\www\aeball_blog\Runtime\Cache\89b785029a79ac166e6252c15f748ba47bc0b4ec.file.index.html.php 第 44 行.
NOTIC: [8] Trying to get property of non-object D:\php\www\aeball_blog\Runtime\Cache\89b785029a79ac166e6252c15f748ba47bc0b4ec.file.index.html.php 第 44 行.
NOTIC: [8] Undefined index: art D:\php\www\aeball_blog\Runtime\Cache\89b785029a79ac166e6252c15f748ba47bc0b4ec.file.index.html.php 第 45 行.
NOTIC: [8] Trying to get property of non-object D:\php\www\aeball_blog\Runtime\Cache\89b785029a79ac166e6252c15f748ba47bc0b4ec.file.index.html.php 第 45 行.
NOTIC: [8] Undefined index: art D:\php\www\aeball_blog\Runtime\Cache\89b785029a79ac166e6252c15f748ba47bc0b4ec.file.index.html.php 第 48 行.
NOTIC: [8] Trying to get property of non-object D:\php\www\aeball_blog\Runtime\Cache\89b785029a79ac166e6252c15f748ba47bc0b4ec.file.index.html.php 第 48 行.
INFO: Run Behavior\ParseTemplateBehavior [ RunTime:0.968000s ]
INFO: [ view_parse ] --END-- [ RunTime:0.976000s ]
INFO: [ view_filter ] --START--
INFO: Run Behavior\WriteHtmlCacheBehavior [ RunTime:0.005000s ]
INFO: [ view_filter ] --END-- [ RunTime:0.013000s ]
INFO: [ app_end ] --START--
INFO: Run Behavior\ShowPageTraceBehavior [ RunTime:0.006000s ]
INFO: [ app_end ] --END-- [ RunTime:0.014000s ]

[ 2017-01-07T17:32:49+08:00 ] 127.0.0.1 /
INFO: [ app_init ] --START--
INFO: Run Behavior\BuildLiteBehavior [ RunTime:0.002000s ]
INFO: [ app_init ] --END-- [ RunTime:0.011000s ]
INFO: [ app_begin ] --START--
INFO: Run Behavior\ReadHtmlCacheBehavior [ RunTime:0.004000s ]
INFO: [ app_begin ] --END-- [ RunTime:0.013000s ]
SQL: SHOW COLUMNS FROM `ae_articles` [ RunTime:0.0030s ]
SQL: SELECT * FROM `ae_articles`  [ RunTime:0.0010s ]
INFO: [ view_parse ] --START--
NOTIC: [8] Undefined index: art D:\php\www\aeball_blog\Runtime\Cache\89b785029a79ac166e6252c15f748ba47bc0b4ec.file.index.html.php 第 45 行.
NOTIC: [8] Trying to get property of non-object D:\php\www\aeball_blog\Runtime\Cache\89b785029a79ac166e6252c15f748ba47bc0b4ec.file.index.html.php 第 45 行.
NOTIC: [8] Undefined index: art D:\php\www\aeball_blog\Runtime\Cache\89b785029a79ac166e6252c15f748ba47bc0b4ec.file.index.html.php 第 45 行.
NOTIC: [8] Trying to get property of non-object D:\php\www\aeball_blog\Runtime\Cache\89b785029a79ac166e6252c15f748ba47bc0b4ec.file.index.html.php 第 45 行.
NOTIC: [8] Undefined index: art D:\php\www\aeball_blog\Runtime\Cache\89b785029a79ac166e6252c15f748ba47bc0b4ec.file.index.html.php 第 47 行.
NOTIC: [8] Trying to get property of non-object D:\php\www\aeball_blog\Runtime\Cache\89b785029a79ac166e6252c15f748ba47bc0b4ec.file.index.html.php 第 47 行.
NOTIC: [8] Undefined index: art D:\php\www\aeball_blog\Runtime\Cache\89b785029a79ac166e6252c15f748ba47bc0b4ec.file.index.html.php 第 47 行.
NOTIC: [8] Trying to get property of non-object D:\php\www\aeball_blog\Runtime\Cache\89b785029a79ac166e6252c15f748ba47bc0b4ec.file.index.html.php 第 47 行.
NOTIC: [8] Undefined index: art D:\php\www\aeball_blog\Runtime\Cache\89b785029a79ac166e6252c15f748ba47bc0b4ec.file.index.html.php 第 48 行.
NOTIC: [8] Trying to get property of non-object D:\php\www\aeball_blog\Runtime\Cache\89b785029a79ac166e6252c15f748ba47bc0b4ec.file.index.html.php 第 48 行.
NOTIC: [8] Undefined index: art D:\php\www\aeball_blog\Runtime\Cache\89b785029a79ac166e6252c15f748ba47bc0b4ec.file.index.html.php 第 51 行.
NOTIC: [8] Trying to get property of non-object D:\php\www\aeball_blog\Runtime\Cache\89b785029a79ac166e6252c15f748ba47bc0b4ec.file.index.html.php 第 51 行.
NOTIC: [8] Undefined index: art D:\php\www\aeball_blog\Runtime\Cache\89b785029a79ac166e6252c15f748ba47bc0b4ec.file.index.html.php 第 47 行.
NOTIC: [8] Trying to get property of non-object D:\php\www\aeball_blog\Runtime\Cache\89b785029a79ac166e6252c15f748ba47bc0b4ec.file.index.html.php 第 47 行.
NOTIC: [8] Undefined index: art D:\php\www\aeball_blog\Runtime\Cache\89b785029a79ac166e6252c15f748ba47bc0b4ec.file.index.html.php 第 47 行.
NOTIC: [8] Trying to get property of non-object D:\php\www\aeball_blog\Runtime\Cache\89b785029a79ac166e6252c15f748ba47bc0b4ec.file.index.html.php 第 47 行.
NOTIC: [8] Undefined index: art D:\php\www\aeball_blog\Runtime\Cache\89b785029a79ac166e6252c15f748ba47bc0b4ec.file.index.html.php 第 48 行.
NOTIC: [8] Trying to get property of non-object D:\php\www\aeball_blog\Runtime\Cache\89b785029a79ac166e6252c15f748ba47bc0b4ec.file.index.html.php 第 48 行.
NOTIC: [8] Undefined index: art D:\php\www\aeball_blog\Runtime\Cache\89b785029a79ac166e6252c15f748ba47bc0b4ec.file.index.html.php 第 51 行.
NOTIC: [8] Trying to get property of non-object D:\php\www\aeball_blog\Runtime\Cache\89b785029a79ac166e6252c15f748ba47bc0b4ec.file.index.html.php 第 51 行.
INFO: Run Behavior\ParseTemplateBehavior [ RunTime:1.142000s ]
INFO: [ view_parse ] --END-- [ RunTime:1.152000s ]
INFO: [ view_filter ] --START--
INFO: Run Behavior\WriteHtmlCacheBehavior [ RunTime:0.004000s ]
INFO: [ view_filter ] --END-- [ RunTime:0.012000s ]
INFO: [ app_end ] --START--
INFO: Run Behavior\ShowPageTraceBehavior [ RunTime:0.004000s ]
INFO: [ app_end ] --END-- [ RunTime:0.013000s ]

[ 2017-01-07T17:34:37+08:00 ] 127.0.0.1 /
INFO: [ app_init ] --START--
INFO: Run Behavior\BuildLiteBehavior [ RunTime:0.001000s ]
INFO: [ app_init ] --END-- [ RunTime:0.011000s ]
INFO: [ app_begin ] --START--
INFO: Run Behavior\ReadHtmlCacheBehavior [ RunTime:0.005000s ]
INFO: [ app_begin ] --END-- [ RunTime:0.012000s ]
SQL: SHOW COLUMNS FROM `ae_articles` [ RunTime:0.0030s ]
SQL: SELECT * FROM `ae_articles`  [ RunTime:0.0020s ]
INFO: [ view_parse ] --START--
INFO: Run Behavior\ParseTemplateBehavior [ RunTime:1.420000s ]
INFO: [ view_parse ] --END-- [ RunTime:1.428000s ]
INFO: [ view_filter ] --START--
INFO: Run Behavior\WriteHtmlCacheBehavior [ RunTime:0.005000s ]
INFO: [ view_filter ] --END-- [ RunTime:0.013000s ]
INFO: [ app_end ] --START--
INFO: Run Behavior\ShowPageTraceBehavior [ RunTime:0.005000s ]
INFO: [ app_end ] --END-- [ RunTime:0.013000s ]

[ 2017-01-07T17:43:16+08:00 ] 127.0.0.1 /
INFO: [ app_init ] --START--
INFO: Run Behavior\BuildLiteBehavior [ RunTime:0.001000s ]
INFO: [ app_init ] --END-- [ RunTime:0.010000s ]
INFO: [ app_begin ] --START--
INFO: Run Behavior\ReadHtmlCacheBehavior [ RunTime:0.005000s ]
INFO: [ app_begin ] --END-- [ RunTime:0.012000s ]
SQL: SHOW COLUMNS FROM `ae_articles` [ RunTime:0.0030s ]
SQL: SELECT * FROM `ae_articles`  [ RunTime:0.0020s ]
INFO: [ view_parse ] --START--
INFO: Run Behavior\ParseTemplateBehavior [ RunTime:1.473000s ]
INFO: [ view_parse ] --END-- [ RunTime:1.481000s ]
INFO: [ view_filter ] --START--
INFO: Run Behavior\WriteHtmlCacheBehavior [ RunTime:0.005000s ]
INFO: [ view_filter ] --END-- [ RunTime:0.013000s ]
INFO: [ app_end ] --START--
INFO: Run Behavior\ShowPageTraceBehavior [ RunTime:0.004000s ]
INFO: [ app_end ] --END-- [ RunTime:0.012000s ]

[ 2017-01-07T17:43:18+08:00 ] 127.0.0.1 /index.php/Index/new_article.html
INFO: [ app_init ] --START--
INFO: Run Behavior\BuildLiteBehavior [ RunTime:0.002000s ]
INFO: [ app_init ] --END-- [ RunTime:0.010000s ]
INFO: [ app_begin ] --START--
INFO: Run Behavior\ReadHtmlCacheBehavior [ RunTime:0.004000s ]
INFO: [ app_begin ] --END-- [ RunTime:0.012000s ]
ERR: 无法加载控制器:Index.php

[ 2017-01-07T17:44:00+08:00 ] 127.0.0.1 /
INFO: [ app_init ] --START--
INFO: Run Behavior\BuildLiteBehavior [ RunTime:0.001000s ]
INFO: [ app_init ] --END-- [ RunTime:0.010000s ]
INFO: [ app_begin ] --START--
INFO: Run Behavior\ReadHtmlCacheBehavior [ RunTime:0.004000s ]
INFO: [ app_begin ] --END-- [ RunTime:0.013000s ]
SQL: SHOW COLUMNS FROM `ae_articles` [ RunTime:0.0020s ]
SQL: SELECT * FROM `ae_articles`  [ RunTime:0.0020s ]
INFO: [ view_parse ] --START--
INFO: Run Behavior\ParseTemplateBehavior [ RunTime:1.480000s ]
INFO: [ view_parse ] --END-- [ RunTime:1.488000s ]
INFO: [ view_filter ] --START--
INFO: Run Behavior\WriteHtmlCacheBehavior [ RunTime:0.004000s ]
INFO: [ view_filter ] --END-- [ RunTime:0.013000s ]
INFO: [ app_end ] --START--
INFO: Run Behavior\ShowPageTraceBehavior [ RunTime:0.005000s ]
INFO: [ app_end ] --END-- [ RunTime:0.013000s ]

[ 2017-01-07T17:44:02+08:00 ] 127.0.0.1 /index.php/Index/new_article.html
INFO: [ app_init ] --START--
INFO: Run Behavior\BuildLiteBehavior [ RunTime:0.001000s ]
INFO: [ app_init ] --END-- [ RunTime:0.010000s ]
INFO: [ app_begin ] --START--
INFO: Run Behavior\ReadHtmlCacheBehavior [ RunTime:0.005000s ]
INFO: [ app_begin ] --END-- [ RunTime:0.013000s ]
ERR: 无法加载控制器:Index.php

[ 2017-01-07T18:09:38+08:00 ] 127.0.0.1 /index.php/User/register.html
INFO: [ app_init ] --START--
INFO: Run Behavior\BuildLiteBehavior [ RunTime:0.002000s ]
INFO: [ app_init ] --END-- [ RunTime:0.011000s ]
INFO: [ app_begin ] --START--
INFO: Run Behavior\ReadHtmlCacheBehavior [ RunTime:0.004000s ]
INFO: [ app_begin ] --END-- [ RunTime:0.013000s ]
ERR: 无法加载控制器:Index.php

[ 2017-01-07T18:18:09+08:00 ] 127.0.0.1 /
INFO: [ app_init ] --START--
INFO: Run Behavior\BuildLiteBehavior [ RunTime:0.002000s ]
INFO: [ app_init ] --END-- [ RunTime:0.011000s ]
INFO: [ app_begin ] --START--
INFO: Run Behavior\ReadHtmlCacheBehavior [ RunTime:0.004000s ]
INFO: [ app_begin ] --END-- [ RunTime:0.013000s ]
SQL: SHOW COLUMNS FROM `ae_articles` [ RunTime:0.0030s ]
SQL: SELECT * FROM `ae_articles`  [ RunTime:0.0010s ]
INFO: [ view_parse ] --START--
INFO: Run Behavior\ParseTemplateBehavior [ RunTime:0.079000s ]
INFO: [ view_parse ] --END-- [ RunTime:0.088000s ]
INFO: [ view_filter ] --START--
INFO: Run Behavior\WriteHtmlCacheBehavior [ RunTime:0.004000s ]
INFO: [ view_filter ] --END-- [ RunTime:0.013000s ]
INFO: [ app_end ] --START--
INFO: Run Behavior\ShowPageTraceBehavior [ RunTime:0.004000s ]
INFO: [ app_end ] --END-- [ RunTime:0.012000s ]

[ 2017-01-07T19:02:21+08:00 ] 127.0.0.1 /index.php?m=Admin&c=Article&a=new_article
INFO: [ app_init ] --START--
INFO: Run Behavior\BuildLiteBehavior [ RunTime:0.001000s ]
INFO: [ app_init ] --END-- [ RunTime:0.010000s ]
INFO: [ app_begin ] --START--
INFO: Run Behavior\ReadHtmlCacheBehavior [ RunTime:0.005000s ]
INFO: [ app_begin ] --END-- [ RunTime:0.012000s ]
ERR: 无法加载控制器:Article

[ 2017-01-07T19:02:31+08:00 ] 127.0.0.1 /index.php?m=Admin&c=Articles&a=new_article
INFO: [ app_init ] --START--
INFO: Run Behavior\BuildLiteBehavior [ RunTime:0.002000s ]
INFO: [ app_init ] --END-- [ RunTime:0.010000s ]
INFO: [ app_begin ] --START--
INFO: Run Behavior\ReadHtmlCacheBehavior [ RunTime:0.004000s ]
INFO: [ app_begin ] --END-- [ RunTime:0.012000s ]
INFO: [ view_parse ] --START--
NOTIC: [2] filemtime(): stat failed for D:/php/www/aeball_blog/Runtime/Cache\7535c3c6f02c0c650d05f970c8998464532b3483.file.new_article.html.php D:\php\www\ThinkPHP\ThinkPHP\Library\Vendor\Smarty\sysplugins\smarty_resource.php 第 683 行.
NOTIC: [2] unlink(D:/php/www/aeball_blog/Runtime/Cache\7535c3c6f02c0c650d05f970c8998464532b3483.file.new_article.html.php): No such file or directory D:\php\www\ThinkPHP\ThinkPHP\Library\Vendor\Smarty\sysplugins\smarty_internal_write_file.php 第 49 行.
INFO: Run Behavior\ParseTemplateBehavior [ RunTime:0.338000s ]
INFO: [ view_parse ] --END-- [ RunTime:0.346000s ]
INFO: [ view_filter ] --START--
INFO: Run Behavior\WriteHtmlCacheBehavior [ RunTime:0.005000s ]
INFO: [ view_filter ] --END-- [ RunTime:0.012000s ]
INFO: [ app_end ] --START--
INFO: Run Behavior\ShowPageTraceBehavior [ RunTime:0.005000s ]
INFO: [ app_end ] --END-- [ RunTime:0.012000s ]

[ 2017-01-07T19:03:17+08:00 ] 127.0.0.1 /
INFO: [ app_init ] --START--
INFO: Run Behavior\BuildLiteBehavior [ RunTime:0.001000s ]
INFO: [ app_init ] --END-- [ RunTime:0.010000s ]
INFO: [ app_begin ] --START--
INFO: Run Behavior\ReadHtmlCacheBehavior [ RunTime:0.004000s ]
INFO: [ app_begin ] --END-- [ RunTime:0.012000s ]
SQL: SHOW COLUMNS FROM `ae_articles` [ RunTime:0.0030s ]
SQL: SELECT * FROM `ae_articles`  [ RunTime:0.0010s ]
INFO: [ view_parse ] --START--
INFO: Run Behavior\ParseTemplateBehavior [ RunTime:1.513000s ]
INFO: [ view_parse ] --END-- [ RunTime:1.523000s ]
INFO: [ view_filter ] --START--
INFO: Run Behavior\WriteHtmlCacheBehavior [ RunTime:0.005000s ]
INFO: [ view_filter ] --END-- [ RunTime:0.014000s ]
INFO: [ app_end ] --START--
INFO: Run Behavior\ShowPageTraceBehavior [ RunTime:0.005000s ]
INFO: [ app_end ] --END-- [ RunTime:0.013000s ]

[ 2017-01-07T19:03:19+08:00 ] 127.0.0.1 /index.php/Articles/new_article.html
INFO: [ app_init ] --START--
INFO: Run Behavior\BuildLiteBehavior [ RunTime:0.001000s ]
INFO: [ app_init ] --END-- [ RunTime:0.010000s ]
INFO: [ app_begin ] --START--
INFO: Run Behavior\ReadHtmlCacheBehavior [ RunTime:0.004000s ]
INFO: [ app_begin ] --END-- [ RunTime:0.012000s ]
ERR: 无法加载控制器:Index.php

