[ 2017-01-08T12:26:07+08:00 ] 127.0.0.1 /
INFO: [ app_init ] --START--
INFO: Run Behavior\BuildLiteBehavior [ RunTime:0.001000s ]
INFO: [ app_init ] --END-- [ RunTime:0.011000s ]
INFO: [ app_begin ] --START--
INFO: Run Behavior\ReadHtmlCacheBehavior [ RunTime:0.004000s ]
INFO: [ app_begin ] --END-- [ RunTime:0.012000s ]
SQL: SHOW COLUMNS FROM `ae_articles` [ RunTime:0.0090s ]
SQL: SELECT * FROM `ae_articles`  [ RunTime:0.0010s ]
INFO: [ view_parse ] --START--
INFO: Run Behavior\ParseTemplateBehavior [ RunTime:0.081000s ]
INFO: [ view_parse ] --END-- [ RunTime:0.089000s ]
INFO: [ view_filter ] --START--
INFO: Run Behavior\WriteHtmlCacheBehavior [ RunTime:0.004000s ]
INFO: [ view_filter ] --END-- [ RunTime:0.012000s ]
INFO: [ app_end ] --START--
INFO: Run Behavior\ShowPageTraceBehavior [ RunTime:0.005000s ]
INFO: [ app_end ] --END-- [ RunTime:0.014000s ]

[ 2017-01-08T14:07:32+08:00 ] 127.0.0.1 /
INFO: [ app_init ] --START--
INFO: Run Behavior\BuildLiteBehavior [ RunTime:0.002000s ]
INFO: [ app_init ] --END-- [ RunTime:0.011000s ]
INFO: [ app_begin ] --START--
INFO: Run Behavior\ReadHtmlCacheBehavior [ RunTime:0.006000s ]
INFO: [ app_begin ] --END-- [ RunTime:0.013000s ]
SQL: SHOW COLUMNS FROM `ae_articles` [ RunTime:0.0030s ]
SQL: SELECT * FROM `ae_articles`  [ RunTime:0.0010s ]
INFO: [ view_parse ] --START--
INFO: Run Behavior\ParseTemplateBehavior [ RunTime:0.081000s ]
INFO: [ view_parse ] --END-- [ RunTime:0.089000s ]
INFO: [ view_filter ] --START--
INFO: Run Behavior\WriteHtmlCacheBehavior [ RunTime:0.004000s ]
INFO: [ view_filter ] --END-- [ RunTime:0.013000s ]
INFO: [ app_end ] --START--
INFO: Run Behavior\ShowPageTraceBehavior [ RunTime:0.005000s ]
INFO: [ app_end ] --END-- [ RunTime:0.012000s ]

[ 2017-01-08T14:09:13+08:00 ] 127.0.0.1 /index.php?m=Admin&c=Index&a=show_list
INFO: [ app_init ] --START--
INFO: Run Behavior\BuildLiteBehavior [ RunTime:0.001000s ]
INFO: [ app_init ] --END-- [ RunTime:0.009000s ]
INFO: [ app_begin ] --START--
INFO: Run Behavior\ReadHtmlCacheBehavior [ RunTime:0.005000s ]
INFO: [ app_begin ] --END-- [ RunTime:0.012000s ]
INFO: [ view_parse ] --START--
NOTIC: [2] filemtime(): stat failed for D:/php/www/aeball_blog/Runtime/Cache\dace5bba58d8e82a7007252b0512b15102801e67.file.list.html.php D:\php\www\ThinkPHP\ThinkPHP\Library\Vendor\Smarty\sysplugins\smarty_resource.php 第 683 行.
NOTIC: [2] unlink(D:/php/www/aeball_blog/Runtime/Cache\dace5bba58d8e82a7007252b0512b15102801e67.file.list.html.php): No such file or directory D:\php\www\ThinkPHP\ThinkPHP\Library\Vendor\Smarty\sysplugins\smarty_internal_write_file.php 第 49 行.
INFO: Run Behavior\ParseTemplateBehavior [ RunTime:5.532000s ]
INFO: [ view_parse ] --END-- [ RunTime:5.540000s ]
INFO: [ view_filter ] --START--
INFO: Run Behavior\WriteHtmlCacheBehavior [ RunTime:0.005000s ]
INFO: [ view_filter ] --END-- [ RunTime:0.013000s ]
INFO: [ app_end ] --START--
INFO: Run Behavior\ShowPageTraceBehavior [ RunTime:0.004000s ]
INFO: [ app_end ] --END-- [ RunTime:0.012000s ]

[ 2017-01-08T14:10:22+08:00 ] 127.0.0.1 /index.php?m=Admin&c=Index&a=show_list
INFO: [ app_init ] --START--
INFO: Run Behavior\BuildLiteBehavior [ RunTime:0.001000s ]
INFO: [ app_init ] --END-- [ RunTime:0.011000s ]
INFO: [ app_begin ] --START--
INFO: Run Behavior\ReadHtmlCacheBehavior [ RunTime:0.004000s ]
INFO: [ app_begin ] --END-- [ RunTime:0.012000s ]
INFO: [ view_parse ] --START--
INFO: Run Behavior\ParseTemplateBehavior [ RunTime:5.683000s ]
INFO: [ view_parse ] --END-- [ RunTime:5.690000s ]
INFO: [ view_filter ] --START--
INFO: Run Behavior\WriteHtmlCacheBehavior [ RunTime:0.005000s ]
INFO: [ view_filter ] --END-- [ RunTime:0.013000s ]
INFO: [ app_end ] --START--
INFO: Run Behavior\ShowPageTraceBehavior [ RunTime:0.005000s ]
INFO: [ app_end ] --END-- [ RunTime:0.013000s ]

[ 2017-01-08T14:12:44+08:00 ] 127.0.0.1 /details.html
INFO: [ app_init ] --START--
INFO: Run Behavior\BuildLiteBehavior [ RunTime:0.002000s ]
INFO: [ app_init ] --END-- [ RunTime:0.011000s ]
INFO: [ app_begin ] --START--
INFO: Run Behavior\ReadHtmlCacheBehavior [ RunTime:0.005000s ]
INFO: [ app_begin ] --END-- [ RunTime:0.013000s ]
ERR: 无法加载控制器:Details

[ 2017-01-08T14:15:17+08:00 ] 127.0.0.1 /index.php?m=Admin&c=Index&a=show_list
INFO: [ app_init ] --START--
INFO: Run Behavior\BuildLiteBehavior [ RunTime:0.002000s ]
INFO: [ app_init ] --END-- [ RunTime:0.010000s ]
INFO: [ app_begin ] --START--
INFO: Run Behavior\ReadHtmlCacheBehavior [ RunTime:0.005000s ]
INFO: [ app_begin ] --END-- [ RunTime:0.013000s ]
INFO: [ view_parse ] --START--
INFO: Run Behavior\ParseTemplateBehavior [ RunTime:5.768000s ]
INFO: [ view_parse ] --END-- [ RunTime:5.776000s ]
INFO: [ view_filter ] --START--
INFO: Run Behavior\WriteHtmlCacheBehavior [ RunTime:0.004000s ]
INFO: [ view_filter ] --END-- [ RunTime:0.012000s ]
INFO: [ app_end ] --START--
INFO: Run Behavior\ShowPageTraceBehavior [ RunTime:0.005000s ]
INFO: [ app_end ] --END-- [ RunTime:0.013000s ]

[ 2017-01-08T14:15:20+08:00 ] 127.0.0.1 /details.html
INFO: [ app_init ] --START--
INFO: Run Behavior\BuildLiteBehavior [ RunTime:0.002000s ]
INFO: [ app_init ] --END-- [ RunTime:0.015000s ]
INFO: [ app_begin ] --START--
INFO: Run Behavior\ReadHtmlCacheBehavior [ RunTime:0.005000s ]
INFO: [ app_begin ] --END-- [ RunTime:0.013000s ]
ERR: 无法加载控制器:Details

[ 2017-01-08T14:16:18+08:00 ] 127.0.0.1 /index.php?m=Admin&c=Index&a=show_list
INFO: [ app_init ] --START--
INFO: Run Behavior\BuildLiteBehavior [ RunTime:0.002000s ]
INFO: [ app_init ] --END-- [ RunTime:0.016000s ]
INFO: [ app_begin ] --START--
INFO: Run Behavior\ReadHtmlCacheBehavior [ RunTime:0.005000s ]
INFO: [ app_begin ] --END-- [ RunTime:0.013000s ]
INFO: [ view_parse ] --START--
INFO: Run Behavior\ParseTemplateBehavior [ RunTime:5.726000s ]
INFO: [ view_parse ] --END-- [ RunTime:5.734000s ]
INFO: [ view_filter ] --START--
INFO: Run Behavior\WriteHtmlCacheBehavior [ RunTime:0.004000s ]
INFO: [ view_filter ] --END-- [ RunTime:0.012000s ]
INFO: [ app_end ] --START--
INFO: Run Behavior\ShowPageTraceBehavior [ RunTime:0.005000s ]
INFO: [ app_end ] --END-- [ RunTime:0.013000s ]

[ 2017-01-08T14:27:16+08:00 ] 127.0.0.1 /index.php?m=Admin&c=Index&a=show_article
INFO: [ app_init ] --START--
INFO: Run Behavior\BuildLiteBehavior [ RunTime:0.002000s ]
INFO: [ app_init ] --END-- [ RunTime:0.011000s ]
INFO: [ app_begin ] --START--
INFO: Run Behavior\ReadHtmlCacheBehavior [ RunTime:0.004500s ]
INFO: [ app_begin ] --END-- [ RunTime:0.013000s ]
ERR: 1146:Table 'aeball_blog.ae_index' doesn't exist
 [ SQL语句 ] : SHOW COLUMNS FROM `ae_index`
ERR: 1146:Table 'aeball_blog.ae_index' doesn't exist
 [ SQL语句 ] : SHOW COLUMNS FROM `ae_index`

[ 2017-01-08T14:27:32+08:00 ] 127.0.0.1 /index.php?m=Admin&c=Index&a=index
INFO: [ app_init ] --START--
INFO: Run Behavior\BuildLiteBehavior [ RunTime:0.001000s ]
INFO: [ app_init ] --END-- [ RunTime:0.010500s ]
INFO: [ app_begin ] --START--
INFO: Run Behavior\ReadHtmlCacheBehavior [ RunTime:0.004000s ]
INFO: [ app_begin ] --END-- [ RunTime:0.013000s ]
SQL: SHOW COLUMNS FROM `ae_articles` [ RunTime:0.0025s ]
SQL: SELECT * FROM `ae_articles`  [ RunTime:0.0015s ]
INFO: [ view_parse ] --START--
INFO: Run Behavior\ParseTemplateBehavior [ RunTime:6.523000s ]
INFO: [ view_parse ] --END-- [ RunTime:6.530500s ]
INFO: [ view_filter ] --START--
INFO: Run Behavior\WriteHtmlCacheBehavior [ RunTime:0.005000s ]
INFO: [ view_filter ] --END-- [ RunTime:0.013000s ]
INFO: [ app_end ] --START--
INFO: Run Behavior\ShowPageTraceBehavior [ RunTime:0.004500s ]
INFO: [ app_end ] --END-- [ RunTime:0.013000s ]

[ 2017-01-08T14:27:33+08:00 ] 127.0.0.1 /Public/fonts/ionicons.ttf?v=2.0.0
INFO: [ app_init ] --START--
INFO: Run Behavior\BuildLiteBehavior [ RunTime:0.001500s ]
INFO: [ app_init ] --END-- [ RunTime:0.011000s ]
INFO: [ app_begin ] --START--
INFO: Run Behavior\ReadHtmlCacheBehavior [ RunTime:0.004500s ]
INFO: [ app_begin ] --END-- [ RunTime:0.013500s ]
ERR: 无法加载控制器:Public

[ 2017-01-08T14:27:33+08:00 ] 127.0.0.1 /Public/fonts/ionicons.woff?v=2.0.0
INFO: [ app_init ] --START--
INFO: Run Behavior\BuildLiteBehavior [ RunTime:0.001500s ]
INFO: [ app_init ] --END-- [ RunTime:0.012500s ]
INFO: [ app_begin ] --START--
INFO: Run Behavior\ReadHtmlCacheBehavior [ RunTime:0.005000s ]
INFO: [ app_begin ] --END-- [ RunTime:0.013000s ]
ERR: 无法加载控制器:Public

[ 2017-01-08T14:29:14+08:00 ] 127.0.0.1 /index.php?m=Admin&c=Index&a=index
INFO: [ app_init ] --START--
INFO: Run Behavior\BuildLiteBehavior [ RunTime:0.001000s ]
INFO: [ app_init ] --END-- [ RunTime:0.010000s ]
INFO: [ app_begin ] --START--
INFO: Run Behavior\ReadHtmlCacheBehavior [ RunTime:0.005000s ]
INFO: [ app_begin ] --END-- [ RunTime:0.013000s ]
SQL: SHOW COLUMNS FROM `ae_articles` [ RunTime:0.0025s ]
SQL: SELECT * FROM `ae_articles`  [ RunTime:0.0015s ]
INFO: [ view_parse ] --START--
INFO: Run Behavior\ParseTemplateBehavior [ RunTime:6.551000s ]
INFO: [ view_parse ] --END-- [ RunTime:6.558500s ]
INFO: [ view_filter ] --START--
INFO: Run Behavior\WriteHtmlCacheBehavior [ RunTime:0.004000s ]
INFO: [ view_filter ] --END-- [ RunTime:0.012500s ]
INFO: [ app_end ] --START--
INFO: Run Behavior\ShowPageTraceBehavior [ RunTime:0.005500s ]
INFO: [ app_end ] --END-- [ RunTime:0.015500s ]

[ 2017-01-08T14:29:15+08:00 ] 127.0.0.1 /Public/fonts/ionicons.ttf?v=2.0.0
INFO: [ app_init ] --START--
INFO: Run Behavior\BuildLiteBehavior [ RunTime:0.002000s ]
INFO: [ app_init ] --END-- [ RunTime:0.013000s ]
INFO: [ app_begin ] --START--
INFO: Run Behavior\ReadHtmlCacheBehavior [ RunTime:0.004500s ]
INFO: [ app_begin ] --END-- [ RunTime:0.014500s ]
ERR: 无法加载控制器:Public

[ 2017-01-08T14:29:15+08:00 ] 127.0.0.1 /Public/fonts/ionicons.woff?v=2.0.0
INFO: [ app_init ] --START--
INFO: Run Behavior\BuildLiteBehavior [ RunTime:0.001500s ]
INFO: [ app_init ] --END-- [ RunTime:0.010000s ]
INFO: [ app_begin ] --START--
INFO: Run Behavior\ReadHtmlCacheBehavior [ RunTime:0.004000s ]
INFO: [ app_begin ] --END-- [ RunTime:0.012500s ]
ERR: 无法加载控制器:Public

[ 2017-01-08T14:30:02+08:00 ] 127.0.0.1 /index.php?m=Admin&c=Index&a=index
INFO: [ app_init ] --START--
INFO: Run Behavior\BuildLiteBehavior [ RunTime:0.001500s ]
INFO: [ app_init ] --END-- [ RunTime:0.010000s ]
INFO: [ app_begin ] --START--
INFO: Run Behavior\ReadHtmlCacheBehavior [ RunTime:0.004500s ]
INFO: [ app_begin ] --END-- [ RunTime:0.012500s ]
SQL: SHOW COLUMNS FROM `ae_articles` [ RunTime:0.0025s ]
SQL: SELECT * FROM `ae_articles`  [ RunTime:0.0015s ]
INFO: [ view_parse ] --START--
INFO: Run Behavior\ParseTemplateBehavior [ RunTime:6.586000s ]
INFO: [ view_parse ] --END-- [ RunTime:6.594000s ]
INFO: [ view_filter ] --START--
INFO: Run Behavior\WriteHtmlCacheBehavior [ RunTime:0.004500s ]
INFO: [ view_filter ] --END-- [ RunTime:0.012500s ]
INFO: [ app_end ] --START--
INFO: Run Behavior\ShowPageTraceBehavior [ RunTime:0.005000s ]
INFO: [ app_end ] --END-- [ RunTime:0.013500s ]

[ 2017-01-08T14:30:03+08:00 ] 127.0.0.1 /Public/fonts/ionicons.ttf?v=2.0.0
INFO: [ app_init ] --START--
INFO: Run Behavior\BuildLiteBehavior [ RunTime:0.001500s ]
INFO: [ app_init ] --END-- [ RunTime:0.012500s ]
INFO: [ app_begin ] --START--
INFO: Run Behavior\ReadHtmlCacheBehavior [ RunTime:0.004500s ]
INFO: [ app_begin ] --END-- [ RunTime:0.014000s ]
ERR: 无法加载控制器:Public

[ 2017-01-08T14:30:03+08:00 ] 127.0.0.1 /Public/fonts/ionicons.woff?v=2.0.0
INFO: [ app_init ] --START--
INFO: Run Behavior\BuildLiteBehavior [ RunTime:0.001000s ]
INFO: [ app_init ] --END-- [ RunTime:0.011500s ]
INFO: [ app_begin ] --START--
INFO: Run Behavior\ReadHtmlCacheBehavior [ RunTime:0.005000s ]
INFO: [ app_begin ] --END-- [ RunTime:0.014500s ]
ERR: 无法加载控制器:Public

[ 2017-01-08T14:30:36+08:00 ] 127.0.0.1 /index.php?m=Admin&c=Index&a=index
INFO: [ app_init ] --START--
INFO: Run Behavior\BuildLiteBehavior [ RunTime:0.001500s ]
INFO: [ app_init ] --END-- [ RunTime:0.013000s ]
INFO: [ app_begin ] --START--
INFO: Run Behavior\ReadHtmlCacheBehavior [ RunTime:0.004500s ]
INFO: [ app_begin ] --END-- [ RunTime:0.012500s ]
SQL: SHOW COLUMNS FROM `ae_articles` [ RunTime:0.2950s ]
SQL: SELECT * FROM `ae_articles`  [ RunTime:0.0015s ]
INFO: [ view_parse ] --START--
INFO: Run Behavior\ParseTemplateBehavior [ RunTime:6.681500s ]
INFO: [ view_parse ] --END-- [ RunTime:6.691000s ]
INFO: [ view_filter ] --START--
INFO: Run Behavior\WriteHtmlCacheBehavior [ RunTime:0.005000s ]
INFO: [ view_filter ] --END-- [ RunTime:0.013000s ]
INFO: [ app_end ] --START--
INFO: Run Behavior\ShowPageTraceBehavior [ RunTime:0.005500s ]
INFO: [ app_end ] --END-- [ RunTime:0.014500s ]

[ 2017-01-08T14:31:16+08:00 ] 127.0.0.1 /index.php?m=Admin&c=Index&a=index
INFO: [ app_init ] --START--
INFO: Run Behavior\BuildLiteBehavior [ RunTime:0.002000s ]
INFO: [ app_init ] --END-- [ RunTime:0.013500s ]
INFO: [ app_begin ] --START--
INFO: Run Behavior\ReadHtmlCacheBehavior [ RunTime:0.004500s ]
INFO: [ app_begin ] --END-- [ RunTime:0.013500s ]
SQL: SHOW COLUMNS FROM `ae_articles` [ RunTime:0.0025s ]
SQL: SELECT * FROM `ae_articles`  [ RunTime:0.0015s ]
INFO: [ view_parse ] --START--
INFO: Run Behavior\ParseTemplateBehavior [ RunTime:6.662000s ]
INFO: [ view_parse ] --END-- [ RunTime:6.670500s ]
INFO: [ view_filter ] --START--
INFO: Run Behavior\WriteHtmlCacheBehavior [ RunTime:0.005000s ]
INFO: [ view_filter ] --END-- [ RunTime:0.013500s ]
INFO: [ app_end ] --START--
INFO: Run Behavior\ShowPageTraceBehavior [ RunTime:0.005500s ]
INFO: [ app_end ] --END-- [ RunTime:0.014000s ]

[ 2017-01-08T14:48:04+08:00 ] 127.0.0.1 /index.php?m=Admin&c=Index&a=index
INFO: [ app_init ] --START--
INFO: Run Behavior\BuildLiteBehavior [ RunTime:0.002000s ]
INFO: [ app_init ] --END-- [ RunTime:0.014500s ]
INFO: [ app_begin ] --START--
INFO: Run Behavior\ReadHtmlCacheBehavior [ RunTime:0.005000s ]
INFO: [ app_begin ] --END-- [ RunTime:0.013000s ]
SQL: SHOW COLUMNS FROM `ae_articles` [ RunTime:0.0025s ]
SQL: SELECT * FROM `ae_articles`  [ RunTime:0.0015s ]
INFO: [ view_parse ] --START--
INFO: Run Behavior\ParseTemplateBehavior [ RunTime:5.889000s ]
INFO: [ view_parse ] --END-- [ RunTime:5.897500s ]
INFO: [ view_filter ] --START--
INFO: Run Behavior\WriteHtmlCacheBehavior [ RunTime:0.004500s ]
INFO: [ view_filter ] --END-- [ RunTime:0.012500s ]
INFO: [ app_end ] --START--
INFO: Run Behavior\ShowPageTraceBehavior [ RunTime:0.006000s ]
INFO: [ app_end ] --END-- [ RunTime:0.017500s ]

[ 2017-01-08T14:52:52+08:00 ] 127.0.0.1 /index.php?m=Admin&c=Index&a=index
INFO: [ app_init ] --START--
INFO: Run Behavior\BuildLiteBehavior [ RunTime:0.001500s ]
INFO: [ app_init ] --END-- [ RunTime:0.014000s ]
INFO: [ app_begin ] --START--
INFO: Run Behavior\ReadHtmlCacheBehavior [ RunTime:0.004000s ]
INFO: [ app_begin ] --END-- [ RunTime:0.012500s ]
SQL: SHOW COLUMNS FROM `ae_articles` [ RunTime:0.0030s ]
SQL: SELECT * FROM `ae_articles`  [ RunTime:0.0015s ]
INFO: [ view_parse ] --START--
INFO: Run Behavior\ParseTemplateBehavior [ RunTime:5.851500s ]
INFO: [ view_parse ] --END-- [ RunTime:5.860000s ]
INFO: [ view_filter ] --START--
INFO: Run Behavior\WriteHtmlCacheBehavior [ RunTime:0.004500s ]
INFO: [ view_filter ] --END-- [ RunTime:0.012000s ]
INFO: [ app_end ] --START--
INFO: Run Behavior\ShowPageTraceBehavior [ RunTime:0.005000s ]
INFO: [ app_end ] --END-- [ RunTime:0.015500s ]

[ 2017-01-08T14:57:38+08:00 ] 127.0.0.1 /index.php?m=Admin&c=Index&a=index
INFO: [ app_init ] --START--
INFO: Run Behavior\BuildLiteBehavior [ RunTime:0.002000s ]
INFO: [ app_init ] --END-- [ RunTime:0.013000s ]
INFO: [ app_begin ] --START--
INFO: Run Behavior\ReadHtmlCacheBehavior [ RunTime:0.004500s ]
INFO: [ app_begin ] --END-- [ RunTime:0.012500s ]
SQL: SHOW COLUMNS FROM `ae_articles` [ RunTime:0.0025s ]
SQL: SELECT * FROM `ae_articles`  [ RunTime:0.0015s ]
INFO: [ view_parse ] --START--
INFO: Run Behavior\ParseTemplateBehavior [ RunTime:5.780500s ]
INFO: [ view_parse ] --END-- [ RunTime:5.788000s ]
INFO: [ view_filter ] --START--
INFO: Run Behavior\WriteHtmlCacheBehavior [ RunTime:0.005000s ]
INFO: [ view_filter ] --END-- [ RunTime:0.013000s ]
INFO: [ app_end ] --START--
INFO: Run Behavior\ShowPageTraceBehavior [ RunTime:0.005000s ]
INFO: [ app_end ] --END-- [ RunTime:0.015000s ]

[ 2017-01-08T15:07:26+08:00 ] 127.0.0.1 /index.php?m=Admin&c=Index&a=index
INFO: [ app_init ] --START--
INFO: Run Behavior\BuildLiteBehavior [ RunTime:0.002000s ]
INFO: [ app_init ] --END-- [ RunTime:0.340000s ]
INFO: [ app_begin ] --START--
INFO: Run Behavior\ReadHtmlCacheBehavior [ RunTime:0.007000s ]
INFO: [ app_begin ] --END-- [ RunTime:0.019500s ]
SQL: SHOW COLUMNS FROM `ae_articles` [ RunTime:0.0025s ]
SQL: SELECT * FROM `ae_articles`  [ RunTime:0.0015s ]
INFO: [ view_parse ] --START--
INFO: Run Behavior\ParseTemplateBehavior [ RunTime:0.068000s ]
INFO: [ view_parse ] --END-- [ RunTime:0.076500s ]
INFO: [ view_filter ] --START--
INFO: Run Behavior\WriteHtmlCacheBehavior [ RunTime:0.004000s ]
INFO: [ view_filter ] --END-- [ RunTime:0.012500s ]
INFO: [ app_end ] --START--
INFO: Run Behavior\ShowPageTraceBehavior [ RunTime:0.005000s ]
INFO: [ app_end ] --END-- [ RunTime:0.014000s ]

[ 2017-01-08T15:13:32+08:00 ] 127.0.0.1 /index.php?m=Admin&c=Index&a=index
INFO: [ app_init ] --START--
INFO: Run Behavior\BuildLiteBehavior [ RunTime:0.002000s ]
INFO: [ app_init ] --END-- [ RunTime:0.011500s ]
INFO: [ app_begin ] --START--
INFO: Run Behavior\ReadHtmlCacheBehavior [ RunTime:0.004500s ]
INFO: [ app_begin ] --END-- [ RunTime:0.013500s ]
SQL: SHOW COLUMNS FROM `ae_articles` [ RunTime:0.0025s ]
SQL: SELECT * FROM `ae_articles`  [ RunTime:0.0015s ]
INFO: [ view_parse ] --START--
INFO: Run Behavior\ParseTemplateBehavior [ RunTime:5.791000s ]
INFO: [ view_parse ] --END-- [ RunTime:5.800000s ]
INFO: [ view_filter ] --START--
INFO: Run Behavior\WriteHtmlCacheBehavior [ RunTime:0.005000s ]
INFO: [ view_filter ] --END-- [ RunTime:0.012500s ]
INFO: [ app_end ] --START--
INFO: Run Behavior\ShowPageTraceBehavior [ RunTime:0.005500s ]
INFO: [ app_end ] --END-- [ RunTime:0.015000s ]

[ 2017-01-08T15:14:27+08:00 ] 127.0.0.1 /index.php?m=Admin&c=Index&a=index
INFO: [ app_init ] --START--
INFO: Run Behavior\BuildLiteBehavior [ RunTime:0.001500s ]
INFO: [ app_init ] --END-- [ RunTime:0.010500s ]
INFO: [ app_begin ] --START--
INFO: Run Behavior\ReadHtmlCacheBehavior [ RunTime:0.004500s ]
INFO: [ app_begin ] --END-- [ RunTime:0.012500s ]
SQL: SHOW COLUMNS FROM `ae_articles` [ RunTime:0.0020s ]
SQL: SELECT * FROM `ae_articles`  [ RunTime:0.0020s ]
INFO: [ view_parse ] --START--
INFO: Run Behavior\ParseTemplateBehavior [ RunTime:5.839500s ]
INFO: [ view_parse ] --END-- [ RunTime:5.848500s ]
INFO: [ view_filter ] --START--
INFO: Run Behavior\WriteHtmlCacheBehavior [ RunTime:0.004500s ]
INFO: [ view_filter ] --END-- [ RunTime:0.013000s ]
INFO: [ app_end ] --START--
INFO: Run Behavior\ShowPageTraceBehavior [ RunTime:0.005000s ]
INFO: [ app_end ] --END-- [ RunTime:0.015000s ]

[ 2017-01-08T15:14:53+08:00 ] 127.0.0.1 /index.php?m=Admin&c=Index&a=index
INFO: [ app_init ] --START--
INFO: Run Behavior\BuildLiteBehavior [ RunTime:0.001500s ]
INFO: [ app_init ] --END-- [ RunTime:0.010500s ]
INFO: [ app_begin ] --START--
INFO: Run Behavior\ReadHtmlCacheBehavior [ RunTime:0.004500s ]
INFO: [ app_begin ] --END-- [ RunTime:0.013000s ]
SQL: SHOW COLUMNS FROM `ae_articles` [ RunTime:0.0025s ]
SQL: SELECT * FROM `ae_articles`  [ RunTime:0.0015s ]
INFO: [ view_parse ] --START--
INFO: Run Behavior\ParseTemplateBehavior [ RunTime:6.076500s ]
INFO: [ view_parse ] --END-- [ RunTime:6.084000s ]
INFO: [ view_filter ] --START--
INFO: Run Behavior\WriteHtmlCacheBehavior [ RunTime:0.004500s ]
INFO: [ view_filter ] --END-- [ RunTime:0.012500s ]
INFO: [ app_end ] --START--
INFO: Run Behavior\ShowPageTraceBehavior [ RunTime:0.005000s ]
INFO: [ app_end ] --END-- [ RunTime:0.014000s ]

[ 2017-01-08T15:17:07+08:00 ] 127.0.0.1 /index.php?m=Admin&c=Index&a=index
INFO: [ app_init ] --START--
INFO: Run Behavior\BuildLiteBehavior [ RunTime:0.002000s ]
INFO: [ app_init ] --END-- [ RunTime:0.014500s ]
INFO: [ app_begin ] --START--
INFO: Run Behavior\ReadHtmlCacheBehavior [ RunTime:0.004000s ]
INFO: [ app_begin ] --END-- [ RunTime:0.012000s ]
SQL: SHOW COLUMNS FROM `ae_articles` [ RunTime:0.0075s ]
SQL: SELECT * FROM `ae_articles`  [ RunTime:0.0015s ]
INFO: [ view_parse ] --START--
INFO: Run Behavior\ParseTemplateBehavior [ RunTime:5.809000s ]
INFO: [ view_parse ] --END-- [ RunTime:5.818000s ]
INFO: [ view_filter ] --START--
INFO: Run Behavior\WriteHtmlCacheBehavior [ RunTime:0.004500s ]
INFO: [ view_filter ] --END-- [ RunTime:0.012000s ]
INFO: [ app_end ] --START--
INFO: Run Behavior\ShowPageTraceBehavior [ RunTime:0.006000s ]
INFO: [ app_end ] --END-- [ RunTime:0.015500s ]

[ 2017-01-08T16:02:38+08:00 ] 127.0.0.1 /index.php?m=Admin&c=Index&a=index
INFO: [ app_init ] --START--
INFO: Run Behavior\BuildLiteBehavior [ RunTime:0.001500s ]
INFO: [ app_init ] --END-- [ RunTime:0.010000s ]
INFO: [ app_begin ] --START--
INFO: Run Behavior\ReadHtmlCacheBehavior [ RunTime:0.005000s ]
INFO: [ app_begin ] --END-- [ RunTime:0.013000s ]
SQL: SHOW COLUMNS FROM `ae_articles` [ RunTime:0.0025s ]
SQL: SELECT * FROM `ae_articles`  [ RunTime:0.0015s ]
INFO: [ view_parse ] --START--
INFO: Run Behavior\ParseTemplateBehavior [ RunTime:6.126000s ]
INFO: [ view_parse ] --END-- [ RunTime:6.134000s ]
INFO: [ view_filter ] --START--
INFO: Run Behavior\WriteHtmlCacheBehavior [ RunTime:0.004500s ]
INFO: [ view_filter ] --END-- [ RunTime:0.012500s ]
INFO: [ app_end ] --START--
INFO: Run Behavior\ShowPageTraceBehavior [ RunTime:0.006500s ]
INFO: [ app_end ] --END-- [ RunTime:0.022000s ]

[ 2017-01-08T16:04:40+08:00 ] 127.0.0.1 /index.php?m=Admin&c=Index&a=index
INFO: [ app_init ] --START--
INFO: Run Behavior\BuildLiteBehavior [ RunTime:0.001500s ]
INFO: [ app_init ] --END-- [ RunTime:0.011000s ]
INFO: [ app_begin ] --START--
INFO: Run Behavior\ReadHtmlCacheBehavior [ RunTime:0.004500s ]
INFO: [ app_begin ] --END-- [ RunTime:0.013000s ]
SQL: SHOW COLUMNS FROM `ae_articles` [ RunTime:0.0025s ]
SQL: SELECT * FROM `ae_articles`  [ RunTime:0.0020s ]
INFO: [ view_parse ] --START--
INFO: Run Behavior\ParseTemplateBehavior [ RunTime:6.463500s ]
INFO: [ view_parse ] --END-- [ RunTime:6.472000s ]
INFO: [ view_filter ] --START--
INFO: Run Behavior\WriteHtmlCacheBehavior [ RunTime:0.004500s ]
INFO: [ view_filter ] --END-- [ RunTime:0.013000s ]
INFO: [ app_end ] --START--
INFO: Run Behavior\ShowPageTraceBehavior [ RunTime:0.006000s ]
INFO: [ app_end ] --END-- [ RunTime:0.015000s ]

[ 2017-01-08T16:05:04+08:00 ] 127.0.0.1 /index.php/Articles/new_article.html
INFO: [ app_init ] --START--
INFO: Run Behavior\BuildLiteBehavior [ RunTime:0.002000s ]
INFO: [ app_init ] --END-- [ RunTime:0.011500s ]
INFO: [ app_begin ] --START--
INFO: Run Behavior\ReadHtmlCacheBehavior [ RunTime:0.004500s ]
INFO: [ app_begin ] --END-- [ RunTime:0.013500s ]
ERR: 无法加载控制器:Index.php

[ 2017-01-08T16:05:42+08:00 ] 127.0.0.1 /Public/fonts/ionicons.ttf?v=2.0.0
INFO: [ app_init ] --START--
INFO: Run Behavior\BuildLiteBehavior [ RunTime:0.001000s ]
INFO: [ app_init ] --END-- [ RunTime:0.014000s ]
INFO: [ app_begin ] --START--
INFO: Run Behavior\ReadHtmlCacheBehavior [ RunTime:0.005500s ]
INFO: [ app_begin ] --END-- [ RunTime:0.015000s ]
ERR: 无法加载控制器:Public

[ 2017-01-08T16:05:42+08:00 ] 127.0.0.1 /Public/fonts/ionicons.woff?v=2.0.0
INFO: [ app_init ] --START--
INFO: Run Behavior\BuildLiteBehavior [ RunTime:0.001500s ]
INFO: [ app_init ] --END-- [ RunTime:0.011000s ]
INFO: [ app_begin ] --START--
INFO: Run Behavior\ReadHtmlCacheBehavior [ RunTime:0.004500s ]
INFO: [ app_begin ] --END-- [ RunTime:0.013500s ]
ERR: 无法加载控制器:Public

[ 2017-01-08T16:05:50+08:00 ] 127.0.0.1 /index.php?m=Admin&c=Index&a=index
INFO: [ app_init ] --START--
INFO: Run Behavior\BuildLiteBehavior [ RunTime:0.001500s ]
INFO: [ app_init ] --END-- [ RunTime:0.010500s ]
INFO: [ app_begin ] --START--
INFO: Run Behavior\ReadHtmlCacheBehavior [ RunTime:0.005500s ]
INFO: [ app_begin ] --END-- [ RunTime:0.013500s ]
SQL: SHOW COLUMNS FROM `ae_articles` [ RunTime:0.0030s ]
SQL: SELECT * FROM `ae_articles`  [ RunTime:0.0015s ]
INFO: [ view_parse ] --START--
INFO: Run Behavior\ParseTemplateBehavior [ RunTime:6.421000s ]
INFO: [ view_parse ] --END-- [ RunTime:6.429500s ]
INFO: [ view_filter ] --START--
INFO: Run Behavior\WriteHtmlCacheBehavior [ RunTime:0.005000s ]
INFO: [ view_filter ] --END-- [ RunTime:0.014500s ]
INFO: [ app_end ] --START--
INFO: Run Behavior\ShowPageTraceBehavior [ RunTime:0.005500s ]
INFO: [ app_end ] --END-- [ RunTime:0.015000s ]

[ 2017-01-08T16:05:50+08:00 ] 127.0.0.1 /Public/fonts/ionicons.ttf?v=2.0.0
INFO: [ app_init ] --START--
INFO: Run Behavior\BuildLiteBehavior [ RunTime:0.001500s ]
INFO: [ app_init ] --END-- [ RunTime:0.012000s ]
INFO: [ app_begin ] --START--
INFO: Run Behavior\ReadHtmlCacheBehavior [ RunTime:0.005000s ]
INFO: [ app_begin ] --END-- [ RunTime:0.013500s ]
ERR: 无法加载控制器:Public

[ 2017-01-08T16:05:50+08:00 ] 127.0.0.1 /Public/fonts/ionicons.woff?v=2.0.0
INFO: [ app_init ] --START--
INFO: Run Behavior\BuildLiteBehavior [ RunTime:0.001500s ]
INFO: [ app_init ] --END-- [ RunTime:0.012500s ]
INFO: [ app_begin ] --START--
INFO: Run Behavior\ReadHtmlCacheBehavior [ RunTime:0.005000s ]
INFO: [ app_begin ] --END-- [ RunTime:0.013500s ]
ERR: 无法加载控制器:Public

[ 2017-01-08T16:05:53+08:00 ] 127.0.0.1 /index.php/Articles/new_article.html
INFO: [ app_init ] --START--
INFO: Run Behavior\BuildLiteBehavior [ RunTime:0.002000s ]
INFO: [ app_init ] --END-- [ RunTime:0.012000s ]
INFO: [ app_begin ] --START--
INFO: Run Behavior\ReadHtmlCacheBehavior [ RunTime:0.004500s ]
INFO: [ app_begin ] --END-- [ RunTime:0.013500s ]
ERR: 无法加载控制器:Index.php

[ 2017-01-08T16:13:59+08:00 ] 127.0.0.1 /index.php/Admin/Index/index
INFO: [ app_init ] --START--
INFO: Run Behavior\BuildLiteBehavior [ RunTime:0.001500s ]
INFO: [ app_init ] --END-- [ RunTime:0.011500s ]
INFO: [ app_begin ] --START--
INFO: Run Behavior\ReadHtmlCacheBehavior [ RunTime:0.005000s ]
INFO: [ app_begin ] --END-- [ RunTime:0.014000s ]
ERR: 无法加载控制器:Index.php

[ 2017-01-08T16:14:53+08:00 ] 127.0.0.1 /index.php?m=Admin&c=Index&a=index
INFO: [ app_init ] --START--
INFO: Run Behavior\BuildLiteBehavior [ RunTime:0.001500s ]
INFO: [ app_init ] --END-- [ RunTime:0.011000s ]
INFO: [ app_begin ] --START--
INFO: Run Behavior\ReadHtmlCacheBehavior [ RunTime:0.005000s ]
INFO: [ app_begin ] --END-- [ RunTime:0.014000s ]
SQL: SHOW COLUMNS FROM `ae_articles` [ RunTime:0.0030s ]
SQL: SELECT * FROM `ae_articles`  [ RunTime:0.0020s ]
INFO: [ view_parse ] --START--
INFO: Run Behavior\ParseTemplateBehavior [ RunTime:6.541500s ]
INFO: [ view_parse ] --END-- [ RunTime:6.550000s ]
INFO: [ view_filter ] --START--
INFO: Run Behavior\WriteHtmlCacheBehavior [ RunTime:0.005000s ]
INFO: [ view_filter ] --END-- [ RunTime:0.013000s ]
INFO: [ app_end ] --START--
INFO: Run Behavior\ShowPageTraceBehavior [ RunTime:0.005000s ]
INFO: [ app_end ] --END-- [ RunTime:0.014500s ]

[ 2017-01-08T16:14:53+08:00 ] 127.0.0.1 /Public/fonts/ionicons.ttf?v=2.0.0
INFO: [ app_init ] --START--
INFO: Run Behavior\BuildLiteBehavior [ RunTime:0.001500s ]
INFO: [ app_init ] --END-- [ RunTime:0.011000s ]
INFO: [ app_begin ] --START--
INFO: Run Behavior\ReadHtmlCacheBehavior [ RunTime:0.005000s ]
INFO: [ app_begin ] --END-- [ RunTime:0.014500s ]
ERR: 无法加载控制器:Public

[ 2017-01-08T16:14:53+08:00 ] 127.0.0.1 /Public/fonts/ionicons.woff?v=2.0.0
INFO: [ app_init ] --START--
INFO: Run Behavior\BuildLiteBehavior [ RunTime:0.001500s ]
INFO: [ app_init ] --END-- [ RunTime:0.011500s ]
INFO: [ app_begin ] --START--
INFO: Run Behavior\ReadHtmlCacheBehavior [ RunTime:0.004500s ]
INFO: [ app_begin ] --END-- [ RunTime:0.013500s ]
ERR: 无法加载控制器:Public

[ 2017-01-08T16:14:57+08:00 ] 127.0.0.1 /index.php/Index/index.php/m/Admin/c/Article/a/new_article.html
INFO: [ app_init ] --START--
INFO: Run Behavior\BuildLiteBehavior [ RunTime:0.001500s ]
INFO: [ app_init ] --END-- [ RunTime:0.011000s ]
INFO: [ app_begin ] --START--
INFO: Run Behavior\ReadHtmlCacheBehavior [ RunTime:0.005000s ]
INFO: [ app_begin ] --END-- [ RunTime:0.013000s ]
ERR: 无法加载控制器:Index.php

[ 2017-01-08T16:26:10+08:00 ] 127.0.0.1 /index.php?m=Admin&c=Index&a=index
INFO: [ app_init ] --START--
INFO: Run Behavior\BuildLiteBehavior [ RunTime:0.001500s ]
INFO: [ app_init ] --END-- [ RunTime:0.012000s ]
INFO: [ app_begin ] --START--
INFO: Run Behavior\ReadHtmlCacheBehavior [ RunTime:0.005000s ]
INFO: [ app_begin ] --END-- [ RunTime:0.015000s ]
SQL: SHOW COLUMNS FROM `ae_articles` [ RunTime:0.0025s ]
SQL: SELECT * FROM `ae_articles`  [ RunTime:0.0015s ]
INFO: [ view_parse ] --START--
INFO: Run Behavior\ParseTemplateBehavior [ RunTime:6.477500s ]
INFO: [ view_parse ] --END-- [ RunTime:6.485500s ]
INFO: [ view_filter ] --START--
INFO: Run Behavior\WriteHtmlCacheBehavior [ RunTime:0.004500s ]
INFO: [ view_filter ] --END-- [ RunTime:0.013000s ]
INFO: [ app_end ] --START--
INFO: Run Behavior\ShowPageTraceBehavior [ RunTime:0.005500s ]
INFO: [ app_end ] --END-- [ RunTime:0.015000s ]

[ 2017-01-08T16:26:10+08:00 ] 127.0.0.1 /Public/fonts/ionicons.ttf?v=2.0.0
INFO: [ app_init ] --START--
INFO: Run Behavior\BuildLiteBehavior [ RunTime:0.001000s ]
INFO: [ app_init ] --END-- [ RunTime:0.011000s ]
INFO: [ app_begin ] --START--
INFO: Run Behavior\ReadHtmlCacheBehavior [ RunTime:0.005000s ]
INFO: [ app_begin ] --END-- [ RunTime:0.016500s ]
ERR: 无法加载控制器:Public

[ 2017-01-08T16:26:10+08:00 ] 127.0.0.1 /Public/fonts/ionicons.woff?v=2.0.0
INFO: [ app_init ] --START--
INFO: Run Behavior\BuildLiteBehavior [ RunTime:0.001000s ]
INFO: [ app_init ] --END-- [ RunTime:0.010500s ]
INFO: [ app_begin ] --START--
INFO: Run Behavior\ReadHtmlCacheBehavior [ RunTime:0.009000s ]
INFO: [ app_begin ] --END-- [ RunTime:0.017000s ]
ERR: 无法加载控制器:Public

[ 2017-01-08T16:28:09+08:00 ] 127.0.0.1 /index.php?m=Admin&c=Index&a=index
INFO: [ app_init ] --START--
INFO: Run Behavior\BuildLiteBehavior [ RunTime:0.001500s ]
INFO: [ app_init ] --END-- [ RunTime:0.012000s ]
INFO: [ app_begin ] --START--
INFO: Run Behavior\ReadHtmlCacheBehavior [ RunTime:0.005500s ]
INFO: [ app_begin ] --END-- [ RunTime:0.013500s ]
SQL: SHOW COLUMNS FROM `ae_articles` [ RunTime:0.0025s ]
SQL: SELECT * FROM `ae_articles`  [ RunTime:0.0020s ]
INFO: [ view_parse ] --START--
INFO: Run Behavior\ParseTemplateBehavior [ RunTime:0.071000s ]
INFO: [ view_parse ] --END-- [ RunTime:0.079500s ]
INFO: [ view_filter ] --START--
INFO: Run Behavior\WriteHtmlCacheBehavior [ RunTime:0.004500s ]
INFO: [ view_filter ] --END-- [ RunTime:0.013000s ]
INFO: [ app_end ] --START--
INFO: Run Behavior\ShowPageTraceBehavior [ RunTime:0.005000s ]
INFO: [ app_end ] --END-- [ RunTime:0.014500s ]

[ 2017-01-08T16:28:10+08:00 ] 127.0.0.1 /Public/fonts/ionicons.ttf?v=2.0.0
INFO: [ app_init ] --START--
INFO: Run Behavior\BuildLiteBehavior [ RunTime:0.001500s ]
INFO: [ app_init ] --END-- [ RunTime:0.010500s ]
INFO: [ app_begin ] --START--
INFO: Run Behavior\ReadHtmlCacheBehavior [ RunTime:0.004500s ]
INFO: [ app_begin ] --END-- [ RunTime:0.013500s ]
ERR: 无法加载控制器:Public

[ 2017-01-08T16:28:10+08:00 ] 127.0.0.1 /Public/fonts/ionicons.woff?v=2.0.0
INFO: [ app_init ] --START--
INFO: Run Behavior\BuildLiteBehavior [ RunTime:0.001500s ]
INFO: [ app_init ] --END-- [ RunTime:0.011000s ]
INFO: [ app_begin ] --START--
INFO: Run Behavior\ReadHtmlCacheBehavior [ RunTime:0.005000s ]
INFO: [ app_begin ] --END-- [ RunTime:0.014000s ]
ERR: 无法加载控制器:Public

[ 2017-01-08T16:28:21+08:00 ] 127.0.0.1 /index.php?m=Admin&c=Article&a=new_article
INFO: [ app_init ] --START--
INFO: Run Behavior\BuildLiteBehavior [ RunTime:0.001500s ]
INFO: [ app_init ] --END-- [ RunTime:0.012000s ]
INFO: [ app_begin ] --START--
INFO: Run Behavior\ReadHtmlCacheBehavior [ RunTime:0.005000s ]
INFO: [ app_begin ] --END-- [ RunTime:0.014000s ]
ERR: 无法加载控制器:Article

[ 2017-01-08T16:28:47+08:00 ] 127.0.0.1 /index.php?m=Admin&c=Index&a=index
INFO: [ app_init ] --START--
INFO: Run Behavior\BuildLiteBehavior [ RunTime:0.001500s ]
INFO: [ app_init ] --END-- [ RunTime:0.010500s ]
INFO: [ app_begin ] --START--
INFO: Run Behavior\ReadHtmlCacheBehavior [ RunTime:0.005000s ]
INFO: [ app_begin ] --END-- [ RunTime:0.013000s ]
SQL: SHOW COLUMNS FROM `ae_articles` [ RunTime:0.0025s ]
SQL: SELECT * FROM `ae_articles`  [ RunTime:0.0015s ]
INFO: [ view_parse ] --START--
INFO: Run Behavior\ParseTemplateBehavior [ RunTime:6.726500s ]
INFO: [ view_parse ] --END-- [ RunTime:6.736500s ]
INFO: [ view_filter ] --START--
INFO: Run Behavior\WriteHtmlCacheBehavior [ RunTime:0.005500s ]
INFO: [ view_filter ] --END-- [ RunTime:0.014000s ]
INFO: [ app_end ] --START--
INFO: Run Behavior\ShowPageTraceBehavior [ RunTime:0.006000s ]
INFO: [ app_end ] --END-- [ RunTime:0.015000s ]

[ 2017-01-08T16:28:47+08:00 ] 127.0.0.1 /Public/fonts/ionicons.ttf?v=2.0.0
INFO: [ app_init ] --START--
INFO: Run Behavior\BuildLiteBehavior [ RunTime:0.004000s ]
INFO: [ app_init ] --END-- [ RunTime:0.014500s ]
INFO: [ app_begin ] --START--
INFO: Run Behavior\ReadHtmlCacheBehavior [ RunTime:0.004500s ]
INFO: [ app_begin ] --END-- [ RunTime:0.014500s ]
ERR: 无法加载控制器:Public

[ 2017-01-08T16:28:48+08:00 ] 127.0.0.1 /Public/fonts/ionicons.woff?v=2.0.0
INFO: [ app_init ] --START--
INFO: Run Behavior\BuildLiteBehavior [ RunTime:0.002000s ]
INFO: [ app_init ] --END-- [ RunTime:0.013500s ]
INFO: [ app_begin ] --START--
INFO: Run Behavior\ReadHtmlCacheBehavior [ RunTime:0.006500s ]
INFO: [ app_begin ] --END-- [ RunTime:0.015000s ]
ERR: 无法加载控制器:Public

[ 2017-01-08T16:29:23+08:00 ] 127.0.0.1 /index.php?m=Admin&c=Articles&a=new_article
INFO: [ app_init ] --START--
INFO: Run Behavior\BuildLiteBehavior [ RunTime:0.001500s ]
INFO: [ app_init ] --END-- [ RunTime:0.011500s ]
INFO: [ app_begin ] --START--
INFO: Run Behavior\ReadHtmlCacheBehavior [ RunTime:0.005000s ]
INFO: [ app_begin ] --END-- [ RunTime:0.013500s ]
INFO: [ view_parse ] --START--
INFO: Run Behavior\ParseTemplateBehavior [ RunTime:0.366500s ]
INFO: [ view_parse ] --END-- [ RunTime:0.375000s ]
INFO: [ view_filter ] --START--
INFO: Run Behavior\WriteHtmlCacheBehavior [ RunTime:0.005000s ]
INFO: [ view_filter ] --END-- [ RunTime:0.013000s ]
INFO: [ app_end ] --START--
INFO: Run Behavior\ShowPageTraceBehavior [ RunTime:0.005000s ]
INFO: [ app_end ] --END-- [ RunTime:0.014000s ]

[ 2017-01-08T16:45:58+08:00 ] 127.0.0.1 /
INFO: [ app_init ] --START--
INFO: Run Behavior\BuildLiteBehavior [ RunTime:0.001500s ]
INFO: [ app_init ] --END-- [ RunTime:0.011000s ]
INFO: [ app_begin ] --START--
INFO: Run Behavior\ReadHtmlCacheBehavior [ RunTime:0.004500s ]
INFO: [ app_begin ] --END-- [ RunTime:0.013500s ]
SQL: SHOW COLUMNS FROM `ae_articles` [ RunTime:0.0025s ]
SQL: SELECT * FROM `ae_articles`  [ RunTime:0.0015s ]
INFO: [ view_parse ] --START--
NOTIC: [2] fopen(http:////tp3.minxing.mmt/Public/html/footer.html): failed to open stream: operation failed D:\php\www\ThinkPHP\ThinkPHP\Library\Vendor\Smarty\sysplugins\smarty_internal_resource_stream.php 第 51 行.
ERR: Unable to load template http '//tp3.minxing.mmt/Public/html/footer.html' in 'Index/index.html'

[ 2017-01-08T16:46:35+08:00 ] 127.0.0.1 /
INFO: [ app_init ] --START--
INFO: Run Behavior\BuildLiteBehavior [ RunTime:0.002000s ]
INFO: [ app_init ] --END-- [ RunTime:0.012500s ]
INFO: [ app_begin ] --START--
INFO: Run Behavior\ReadHtmlCacheBehavior [ RunTime:0.004500s ]
INFO: [ app_begin ] --END-- [ RunTime:0.012500s ]
SQL: SHOW COLUMNS FROM `ae_articles` [ RunTime:0.0025s ]
SQL: SELECT * FROM `ae_articles`  [ RunTime:0.0015s ]
INFO: [ view_parse ] --START--
ERR: Unkown resource type ' 'http'

[ 2017-01-08T16:46:46+08:00 ] 127.0.0.1 /index.php?m=Admin&c=Index&a=index
INFO: [ app_init ] --START--
INFO: Run Behavior\BuildLiteBehavior [ RunTime:0.001500s ]
INFO: [ app_init ] --END-- [ RunTime:0.010000s ]
INFO: [ app_begin ] --START--
INFO: Run Behavior\ReadHtmlCacheBehavior [ RunTime:0.004500s ]
INFO: [ app_begin ] --END-- [ RunTime:0.012500s ]
SQL: SHOW COLUMNS FROM `ae_articles` [ RunTime:0.0025s ]
SQL: SELECT * FROM `ae_articles`  [ RunTime:0.0020s ]
INFO: [ view_parse ] --START--
ERR: Unkown resource type ' 'http'

[ 2017-01-08T16:47:21+08:00 ] 127.0.0.1 /index.php?m=Admin&c=Index&a=index
INFO: [ app_init ] --START--
INFO: Run Behavior\BuildLiteBehavior [ RunTime:0.002500s ]
INFO: [ app_init ] --END-- [ RunTime:0.019500s ]
INFO: [ app_begin ] --START--
INFO: Run Behavior\ReadHtmlCacheBehavior [ RunTime:0.004500s ]
INFO: [ app_begin ] --END-- [ RunTime:0.013000s ]
SQL: SHOW COLUMNS FROM `ae_articles` [ RunTime:0.0025s ]
SQL: SELECT * FROM `ae_articles`  [ RunTime:0.0015s ]
INFO: [ view_parse ] --START--
INFO: Run Behavior\ParseTemplateBehavior [ RunTime:6.086000s ]
INFO: [ view_parse ] --END-- [ RunTime:6.095000s ]
INFO: [ view_filter ] --START--
INFO: Run Behavior\WriteHtmlCacheBehavior [ RunTime:0.004500s ]
INFO: [ view_filter ] --END-- [ RunTime:0.013000s ]
INFO: [ app_end ] --START--
INFO: Run Behavior\ShowPageTraceBehavior [ RunTime:0.006000s ]
INFO: [ app_end ] --END-- [ RunTime:0.015500s ]

[ 2017-01-08T16:47:21+08:00 ] 127.0.0.1 /Public/fonts/ionicons.ttf?v=2.0.0
INFO: [ app_init ] --START--
INFO: Run Behavior\BuildLiteBehavior [ RunTime:0.001500s ]
INFO: [ app_init ] --END-- [ RunTime:0.011500s ]
INFO: [ app_begin ] --START--
INFO: Run Behavior\ReadHtmlCacheBehavior [ RunTime:0.005000s ]
INFO: [ app_begin ] --END-- [ RunTime:0.013000s ]
ERR: 无法加载控制器:Public

[ 2017-01-08T16:47:22+08:00 ] 127.0.0.1 /Public/fonts/ionicons.woff?v=2.0.0
INFO: [ app_init ] --START--
INFO: Run Behavior\BuildLiteBehavior [ RunTime:0.002000s ]
INFO: [ app_init ] --END-- [ RunTime:0.010500s ]
INFO: [ app_begin ] --START--
INFO: Run Behavior\ReadHtmlCacheBehavior [ RunTime:0.004500s ]
INFO: [ app_begin ] --END-- [ RunTime:0.013000s ]
ERR: 无法加载控制器:Public

[ 2017-01-08T16:47:27+08:00 ] 127.0.0.1 /full-width.html
INFO: [ app_init ] --START--
INFO: Run Behavior\BuildLiteBehavior [ RunTime:0.002500s ]
INFO: [ app_init ] --END-- [ RunTime:0.019500s ]
INFO: [ app_begin ] --START--
INFO: Run Behavior\ReadHtmlCacheBehavior [ RunTime:0.005000s ]
INFO: [ app_begin ] --END-- [ RunTime:0.014000s ]
ERR: 无法加载控制器:Full-width

[ 2017-01-08T16:48:12+08:00 ] 127.0.0.1 /index.php?m=Admin&c=Index&a=index
INFO: [ app_init ] --START--
INFO: Run Behavior\BuildLiteBehavior [ RunTime:0.002000s ]
INFO: [ app_init ] --END-- [ RunTime:0.012000s ]
INFO: [ app_begin ] --START--
INFO: Run Behavior\ReadHtmlCacheBehavior [ RunTime:0.005500s ]
INFO: [ app_begin ] --END-- [ RunTime:0.013500s ]
SQL: SHOW COLUMNS FROM `ae_articles` [ RunTime:0.0025s ]
SQL: SELECT * FROM `ae_articles`  [ RunTime:0.0020s ]
INFO: [ view_parse ] --START--
INFO: Run Behavior\ParseTemplateBehavior [ RunTime:6.496500s ]
INFO: [ view_parse ] --END-- [ RunTime:6.505000s ]
INFO: [ view_filter ] --START--
INFO: Run Behavior\WriteHtmlCacheBehavior [ RunTime:0.004000s ]
INFO: [ view_filter ] --END-- [ RunTime:0.012500s ]
INFO: [ app_end ] --START--
INFO: Run Behavior\ShowPageTraceBehavior [ RunTime:0.005500s ]
INFO: [ app_end ] --END-- [ RunTime:0.014000s ]

[ 2017-01-08T16:48:16+08:00 ] 127.0.0.1 /index.php?m=Admin&c=Articles&a=new_article
INFO: [ app_init ] --START--
INFO: Run Behavior\BuildLiteBehavior [ RunTime:0.001500s ]
INFO: [ app_init ] --END-- [ RunTime:0.010500s ]
INFO: [ app_begin ] --START--
INFO: Run Behavior\ReadHtmlCacheBehavior [ RunTime:0.005500s ]
INFO: [ app_begin ] --END-- [ RunTime:0.013500s ]
INFO: [ view_parse ] --START--
INFO: Run Behavior\ParseTemplateBehavior [ RunTime:4.098500s ]
INFO: [ view_parse ] --END-- [ RunTime:4.107000s ]
INFO: [ view_filter ] --START--
INFO: Run Behavior\WriteHtmlCacheBehavior [ RunTime:0.004500s ]
INFO: [ view_filter ] --END-- [ RunTime:0.012000s ]
INFO: [ app_end ] --START--
INFO: Run Behavior\ShowPageTraceBehavior [ RunTime:0.004500s ]
INFO: [ app_end ] --END-- [ RunTime:0.013000s ]

[ 2017-01-08T16:48:16+08:00 ] 127.0.0.1 /Public/fonts/ionicons.ttf?v=2.0.0
INFO: [ app_init ] --START--
INFO: Run Behavior\BuildLiteBehavior [ RunTime:0.001500s ]
INFO: [ app_init ] --END-- [ RunTime:0.012500s ]
INFO: [ app_begin ] --START--
INFO: Run Behavior\ReadHtmlCacheBehavior [ RunTime:0.007000s ]
INFO: [ app_begin ] --END-- [ RunTime:0.018000s ]
ERR: 无法加载控制器:Public

[ 2017-01-08T16:48:16+08:00 ] 127.0.0.1 /Public/fonts/ionicons.ttf?v=2.0.0
INFO: [ app_init ] --START--
INFO: Run Behavior\BuildLiteBehavior [ RunTime:0.001500s ]
INFO: [ app_init ] --END-- [ RunTime:0.014000s ]
INFO: [ app_begin ] --START--
INFO: Run Behavior\ReadHtmlCacheBehavior [ RunTime:0.005500s ]
INFO: [ app_begin ] --END-- [ RunTime:0.013500s ]
ERR: 无法加载控制器:Public

[ 2017-01-08T16:48:17+08:00 ] 127.0.0.1 /Public/fonts/ionicons.woff?v=2.0.0
INFO: [ app_init ] --START--
INFO: Run Behavior\BuildLiteBehavior [ RunTime:0.002000s ]
INFO: [ app_init ] --END-- [ RunTime:0.014500s ]
INFO: [ app_begin ] --START--
INFO: Run Behavior\ReadHtmlCacheBehavior [ RunTime:0.005000s ]
INFO: [ app_begin ] --END-- [ RunTime:0.014000s ]
ERR: 无法加载控制器:Public

[ 2017-01-08T16:48:17+08:00 ] 127.0.0.1 /Public/fonts/ionicons.woff?v=2.0.0
INFO: [ app_init ] --START--
INFO: Run Behavior\BuildLiteBehavior [ RunTime:0.001500s ]
INFO: [ app_init ] --END-- [ RunTime:0.011500s ]
INFO: [ app_begin ] --START--
INFO: Run Behavior\ReadHtmlCacheBehavior [ RunTime:0.004500s ]
INFO: [ app_begin ] --END-- [ RunTime:0.014000s ]
ERR: 无法加载控制器:Public

[ 2017-01-08T16:49:29+08:00 ] 127.0.0.1 /index.php?m=Admin&c=Index&a=index
INFO: [ app_init ] --START--
INFO: Run Behavior\BuildLiteBehavior [ RunTime:0.002500s ]
INFO: [ app_init ] --END-- [ RunTime:0.018500s ]
INFO: [ app_begin ] --START--
INFO: Run Behavior\ReadHtmlCacheBehavior [ RunTime:0.005000s ]
INFO: [ app_begin ] --END-- [ RunTime:0.013500s ]
SQL: SHOW COLUMNS FROM `ae_articles` [ RunTime:0.0030s ]
SQL: SELECT * FROM `ae_articles`  [ RunTime:0.0015s ]
INFO: [ view_parse ] --START--
INFO: Run Behavior\ParseTemplateBehavior [ RunTime:0.070000s ]
INFO: [ view_parse ] --END-- [ RunTime:0.078500s ]
INFO: [ view_filter ] --START--
INFO: Run Behavior\WriteHtmlCacheBehavior [ RunTime:0.004500s ]
INFO: [ view_filter ] --END-- [ RunTime:0.013500s ]
INFO: [ app_end ] --START--
INFO: Run Behavior\ShowPageTraceBehavior [ RunTime:0.005000s ]
INFO: [ app_end ] --END-- [ RunTime:0.016000s ]

[ 2017-01-08T16:49:29+08:00 ] 127.0.0.1 /Public/fonts/ionicons.ttf?v=2.0.0
INFO: [ app_init ] --START--
INFO: Run Behavior\BuildLiteBehavior [ RunTime:0.002000s ]
INFO: [ app_init ] --END-- [ RunTime:0.014500s ]
INFO: [ app_begin ] --START--
INFO: Run Behavior\ReadHtmlCacheBehavior [ RunTime:0.004500s ]
INFO: [ app_begin ] --END-- [ RunTime:0.013500s ]
ERR: 无法加载控制器:Public

[ 2017-01-08T16:49:30+08:00 ] 127.0.0.1 /Public/fonts/ionicons.woff?v=2.0.0
INFO: [ app_init ] --START--
INFO: Run Behavior\BuildLiteBehavior [ RunTime:0.001500s ]
INFO: [ app_init ] --END-- [ RunTime:0.012000s ]
INFO: [ app_begin ] --START--
INFO: Run Behavior\ReadHtmlCacheBehavior [ RunTime:0.004500s ]
INFO: [ app_begin ] --END-- [ RunTime:0.013500s ]
ERR: 无法加载控制器:Public

[ 2017-01-08T16:49:37+08:00 ] 127.0.0.1 /index.php?m=Admin&c=Articles&a=new_article
INFO: [ app_init ] --START--
INFO: Run Behavior\BuildLiteBehavior [ RunTime:0.001500s ]
INFO: [ app_init ] --END-- [ RunTime:0.011500s ]
INFO: [ app_begin ] --START--
INFO: Run Behavior\ReadHtmlCacheBehavior [ RunTime:0.005000s ]
INFO: [ app_begin ] --END-- [ RunTime:0.013500s ]
INFO: [ view_parse ] --START--
INFO: Run Behavior\ParseTemplateBehavior [ RunTime:4.256500s ]
INFO: [ view_parse ] --END-- [ RunTime:4.265500s ]
INFO: [ view_filter ] --START--
INFO: Run Behavior\WriteHtmlCacheBehavior [ RunTime:0.004500s ]
INFO: [ view_filter ] --END-- [ RunTime:0.013000s ]
INFO: [ app_end ] --START--
INFO: Run Behavior\ShowPageTraceBehavior [ RunTime:0.004500s ]
INFO: [ app_end ] --END-- [ RunTime:0.014000s ]

[ 2017-01-08T16:49:37+08:00 ] 127.0.0.1 /Public/fonts/ionicons.ttf?v=2.0.0
INFO: [ app_init ] --START--
INFO: Run Behavior\BuildLiteBehavior [ RunTime:0.001500s ]
INFO: [ app_init ] --END-- [ RunTime:0.010500s ]
INFO: [ app_begin ] --START--
INFO: Run Behavior\ReadHtmlCacheBehavior [ RunTime:0.005500s ]
INFO: [ app_begin ] --END-- [ RunTime:0.013000s ]
ERR: 无法加载控制器:Public

[ 2017-01-08T16:49:37+08:00 ] 127.0.0.1 /Public/fonts/ionicons.woff?v=2.0.0
INFO: [ app_init ] --START--
INFO: Run Behavior\BuildLiteBehavior [ RunTime:0.001500s ]
INFO: [ app_init ] --END-- [ RunTime:0.011500s ]
INFO: [ app_begin ] --START--
INFO: Run Behavior\ReadHtmlCacheBehavior [ RunTime:0.005000s ]
INFO: [ app_begin ] --END-- [ RunTime:0.014500s ]
ERR: 无法加载控制器:Public

